<?xml version="1.0" encoding="UTF-8"?>
<testsuite xmlns:xsi="http://www.w3.org/2001/XMLSchema-instance" xsi:noNamespaceSchemaLocation="https://maven.apache.org/surefire/maven-surefire-plugin/xsd/surefire-test-report.xsd" version="3.0.2" name="com.url.url_shortener_sb.UrlShortenerSbApplicationTests" time="13.689" tests="1" errors="0" skipped="0" failures="0">
  <properties>
[...]
</properties>
  <testcase name="contextLoads" classname="com.url.url_shortener_sb.UrlShortenerSbApplicationTests" time="0.718">
    <system-out><![CDATA[
  .   ____          _            __ _ _
 /\\ / ___'_ __ _ _(_)_ __  __ _ \ \ \ \
( ( )\___ | '_ | '_| | '_ \/ _` | \ \ \ \
 \\/  ___)| |_)| | | | | || (_| |  ) ) ) )
  '  |____| .__|_| |_|_| |_\__, | / / / /
 =========|_|==============|___/=/_/_/_/

 :: Spring Boot ::                (v3.4.3)

2025-03-25T20:32:40.616+05:30  INFO 12572 --- [url-shortener-sb] [           main] c.u.u.UrlShortenerSbApplicationTests     : Starting UrlShortenerSbApplicationTests using Java 23.0.2 with PID 12572 (started by Lakshya in D:\Java Full Stack Development\Spring Boot Project\Project 1 - URL SHORTENING\url-shortener-sb)
2025-03-25T20:32:40.619+05:30  INFO 12572 --- [url-shortener-sb] [           main] c.u.u.UrlShortenerSbApplicationTests     : No active profile set, falling back to 1 default profile: "default"
2025-03-25T20:32:40.619+05:30 DEBUG 12572 --- [url-shortener-sb] [           main] o.s.boot.SpringApplication               : Loading source class com.url.shortener.UrlShortenerSbApplication
2025-03-25T20:32:40.670+05:30 DEBUG 12572 --- [url-shortener-sb] [           main] o.s.w.c.s.GenericWebApplicationContext   : Refreshing org.springframework.web.context.support.GenericWebApplicationContext@214894fc
2025-03-25T20:32:40.696+05:30 DEBUG 12572 --- [url-shortener-sb] [           main] o.s.b.f.s.DefaultListableBeanFactory     : Creating shared instance of singleton bean 'org.springframework.context.annotation.internalConfigurationAnnotationProcessor'
2025-03-25T20:32:40.719+05:30 DEBUG 12572 --- [url-shortener-sb] [           main] o.s.b.f.s.DefaultListableBeanFactory     : Creating shared instance of singleton bean 'org.springframework.boot.autoconfigure.internalCachingMetadataReaderFactory'
2025-03-25T20:32:40.835+05:30 DEBUG 12572 --- [url-shortener-sb] [           main] o.s.c.a.ClassPathBeanDefinitionScanner   : Identified candidate component class: file [D:\Java Full Stack Development\Spring Boot Project\Project 1 - URL SHORTENING\url-shortener-sb\target\classes\com\url\shortener\controller\AuthController.class]
2025-03-25T20:32:40.836+05:30 DEBUG 12572 --- [url-shortener-sb] [           main] o.s.c.a.ClassPathBeanDefinitionScanner   : Identified candidate component class: file [D:\Java Full Stack Development\Spring Boot Project\Project 1 - URL SHORTENING\url-shortener-sb\target\classes\com\url\shortener\controller\RedirectController.class]
2025-03-25T20:32:40.839+05:30 DEBUG 12572 --- [url-shortener-sb] [           main] o.s.c.a.ClassPathBeanDefinitionScanner   : Identified candidate component class: file [D:\Java Full Stack Development\Spring Boot Project\Project 1 - URL SHORTENING\url-shortener-sb\target\classes\com\url\shortener\controller\UrlMappingController.class]
2025-03-25T20:32:40.847+05:30 DEBUG 12572 --- [url-shortener-sb] [           main] o.s.c.a.ClassPathBeanDefinitionScanner   : Ignored because not a concrete top-level class: file [D:\Java Full Stack Development\Spring Boot Project\Project 1 - URL SHORTENING\url-shortener-sb\target\classes\com\url\shortener\repository\ClickEventRepository.class]
2025-03-25T20:32:40.848+05:30 DEBUG 12572 --- [url-shortener-sb] [           main] o.s.c.a.ClassPathBeanDefinitionScanner   : Ignored because not a concrete top-level class: file [D:\Java Full Stack Development\Spring Boot Project\Project 1 - URL SHORTENING\url-shortener-sb\target\classes\com\url\shortener\repository\UrlMappingRepository.class]
2025-03-25T20:32:40.849+05:30 DEBUG 12572 --- [url-shortener-sb] [           main] o.s.c.a.ClassPathBeanDefinitionScanner   : Ignored because not a concrete top-level class: file [D:\Java Full Stack Development\Spring Boot Project\Project 1 - URL SHORTENING\url-shortener-sb\target\classes\com\url\shortener\repository\UserRepository.class]
2025-03-25T20:32:40.850+05:30 DEBUG 12572 --- [url-shortener-sb] [           main] o.s.c.a.ClassPathBeanDefinitionScanner   : Identified candidate component class: file [D:\Java Full Stack Development\Spring Boot Project\Project 1 - URL SHORTENING\url-shortener-sb\target\classes\com\url\shortener\security\jwt\JwtAuthenticationFilter.class]
2025-03-25T20:32:40.851+05:30 DEBUG 12572 --- [url-shortener-sb] [           main] o.s.c.a.ClassPathBeanDefinitionScanner   : Identified candidate component class: file [D:\Java Full Stack Development\Spring Boot Project\Project 1 - URL SHORTENING\url-shortener-sb\target\classes\com\url\shortener\security\jwt\JwtUtils.class]
2025-03-25T20:32:40.854+05:30 DEBUG 12572 --- [url-shortener-sb] [           main] o.s.c.a.ClassPathBeanDefinitionScanner   : Identified candidate component class: file [D:\Java Full Stack Development\Spring Boot Project\Project 1 - URL SHORTENING\url-shortener-sb\target\classes\com\url\shortener\security\WebConfig.class]
2025-03-25T20:32:40.862+05:30 DEBUG 12572 --- [url-shortener-sb] [           main] o.s.c.a.ClassPathBeanDefinitionScanner   : Identified candidate component class: file [D:\Java Full Stack Development\Spring Boot Project\Project 1 - URL SHORTENING\url-shortener-sb\target\classes\com\url\shortener\security\WebSecurityConfig.class]
2025-03-25T20:32:40.863+05:30 DEBUG 12572 --- [url-shortener-sb] [           main] o.s.c.a.ClassPathBeanDefinitionScanner   : Identified candidate component class: file [D:\Java Full Stack Development\Spring Boot Project\Project 1 - URL SHORTENING\url-shortener-sb\target\classes\com\url\shortener\service\UrlMappingService.class]
2025-03-25T20:32:40.866+05:30 DEBUG 12572 --- [url-shortener-sb] [           main] o.s.c.a.ClassPathBeanDefinitionScanner   : Identified candidate component class: file [D:\Java Full Stack Development\Spring Boot Project\Project 1 - URL SHORTENING\url-shortener-sb\target\classes\com\url\shortener\service\UserDetailsServiceImpl.class]
2025-03-25T20:32:40.868+05:30 DEBUG 12572 --- [url-shortener-sb] [           main] o.s.c.a.ClassPathBeanDefinitionScanner   : Identified candidate component class: file [D:\Java Full Stack Development\Spring Boot Project\Project 1 - URL SHORTENING\url-shortener-sb\target\classes\com\url\shortener\service\UserService.class]
2025-03-25T20:32:41.138+05:30 DEBUG 12572 --- [url-shortener-sb] [           main] ySourcesPropertyResolver$DefaultResolver : Found key 'DATABASE_URL' in PropertySource 'systemEnvironment' with value of type String
2025-03-25T20:32:41.499+05:30  INFO 12572 --- [url-shortener-sb] [           main] .s.d.r.c.RepositoryConfigurationDelegate : Bootstrapping Spring Data JPA repositories in DEFAULT mode.
2025-03-25T20:32:41.509+05:30 DEBUG 12572 --- [url-shortener-sb] [           main] o.s.b.f.s.DefaultListableBeanFactory     : Creating shared instance of singleton bean 'org.springframework.boot.autoconfigure.AutoConfigurationPackages'
2025-03-25T20:32:41.520+05:30 DEBUG 12572 --- [url-shortener-sb] [           main] o.s.b.a.AutoConfigurationPackages        : @EnableAutoConfiguration was declared on a class in the package 'com.url.shortener'. Automatic @Repository and @Entity scanning is enabled.
2025-03-25T20:32:41.521+05:30 DEBUG 12572 --- [url-shortener-sb] [           main] .s.d.r.c.RepositoryConfigurationDelegate : Scanning for JPA repositories in packages com.url.shortener.
2025-03-25T20:32:41.533+05:30 DEBUG 12572 --- [url-shortener-sb] [           main] o.s.d.r.c.RepositoryComponentProvider    : Identified candidate component class: file [D:\Java Full Stack Development\Spring Boot Project\Project 1 - URL SHORTENING\url-shortener-sb\target\classes\com\url\shortener\repository\ClickEventRepository.class]
2025-03-25T20:32:41.533+05:30 DEBUG 12572 --- [url-shortener-sb] [           main] o.s.d.r.c.RepositoryComponentProvider    : Identified candidate component class: file [D:\Java Full Stack Development\Spring Boot Project\Project 1 - URL SHORTENING\url-shortener-sb\target\classes\com\url\shortener\repository\UrlMappingRepository.class]
2025-03-25T20:32:41.535+05:30 DEBUG 12572 --- [url-shortener-sb] [           main] o.s.d.r.c.RepositoryComponentProvider    : Identified candidate component class: file [D:\Java Full Stack Development\Spring Boot Project\Project 1 - URL SHORTENING\url-shortener-sb\target\classes\com\url\shortener\repository\UserRepository.class]
2025-03-25T20:32:41.571+05:30 DEBUG 12572 --- [url-shortener-sb] [           main] ssPathScanningCandidateComponentProvider : Identified candidate component class: file [D:\Java Full Stack Development\Spring Boot Project\Project 1 - URL SHORTENING\url-shortener-sb\target\classes\com\url\shortener\service\UserDetailsImpl.class]
2025-03-25T20:32:41.572+05:30 DEBUG 12572 --- [url-shortener-sb] [           main] ssPathScanningCandidateComponentProvider : Identified candidate component class: file [D:\Java Full Stack Development\Spring Boot Project\Project 1 - URL SHORTENING\url-shortener-sb\target\classes\com\url\shortener\service\UserDetailsServiceImpl.class]
2025-03-25T20:32:41.598+05:30  INFO 12572 --- [url-shortener-sb] [           main] .s.d.r.c.RepositoryConfigurationDelegate : Finished Spring Data repository scanning in 75 ms. Found 3 JPA repository interfaces.
2025-03-25T20:32:41.695+05:30 DEBUG 12572 --- [url-shortener-sb] [           main] o.s.b.f.s.DefaultListableBeanFactory     : Creating shared instance of singleton bean 'springSecurityHandlerMappingIntrospectorBeanDefinitionRegistryPostProcessor'
2025-03-25T20:32:41.777+05:30 DEBUG 12572 --- [url-shortener-sb] [           main] o.s.b.f.s.DefaultListableBeanFactory     : Creating shared instance of singleton bean 'propertySourcesPlaceholderConfigurer'
2025-03-25T20:32:41.783+05:30 DEBUG 12572 --- [url-shortener-sb] [           main] o.s.b.f.s.DefaultListableBeanFactory     : Creating shared instance of singleton bean 'org.springframework.boot.test.mock.mockito.MockitoPostProcessor'
2025-03-25T20:32:41.784+05:30 DEBUG 12572 --- [url-shortener-sb] [           main] o.s.b.f.s.DefaultListableBeanFactory     : Creating shared instance of singleton bean 'emBeanDefinitionRegistrarPostProcessor'
2025-03-25T20:32:41.784+05:30 DEBUG 12572 --- [url-shortener-sb] [           main] o.s.b.f.s.DefaultListableBeanFactory     : Creating shared instance of singleton bean 'org.springframework.boot.sql.init.dependency.DatabaseInitializationDependencyConfigurer$DependsOnDatabaseInitializationPostProcessor'
2025-03-25T20:32:41.847+05:30 DEBUG 12572 --- [url-shortener-sb] [           main] o.s.b.f.s.DefaultListableBeanFactory     : Creating shared instance of singleton bean 'org.springframework.context.event.internalEventListenerProcessor'
2025-03-25T20:32:41.849+05:30 DEBUG 12572 --- [url-shortener-sb] [           main] o.s.b.f.s.DefaultListableBeanFactory     : Creating shared instance of singleton bean 'conversionServicePostProcessor'
2025-03-25T20:32:41.859+05:30 DEBUG 12572 --- [url-shortener-sb] [           main] o.s.b.f.s.DefaultListableBeanFactory     : Creating shared instance of singleton bean 'preserveErrorControllerTargetClassPostProcessor'
2025-03-25T20:32:41.861+05:30 DEBUG 12572 --- [url-shortener-sb] [           main] o.s.b.f.s.DefaultListableBeanFactory     : Creating shared instance of singleton bean 'org.springframework.context.event.internalEventListenerFactory'
2025-03-25T20:32:41.861+05:30 DEBUG 12572 --- [url-shortener-sb] [           main] o.s.b.f.s.DefaultListableBeanFactory     : Creating shared instance of singleton bean 'org.springframework.transaction.config.internalTransactionalEventListenerFactory'
2025-03-25T20:32:41.864+05:30 DEBUG 12572 --- [url-shortener-sb] [           main] o.s.b.f.s.DefaultListableBeanFactory     : Creating shared instance of singleton bean 'org.springframework.boot.test.mock.mockito.MockitoPostProcessor$SpyPostProcessor'
2025-03-25T20:32:41.865+05:30 DEBUG 12572 --- [url-shortener-sb] [           main] o.s.b.f.s.DefaultListableBeanFactory     : Creating shared instance of singleton bean 'org.springframework.context.annotation.internalAutowiredAnnotationProcessor'
2025-03-25T20:32:41.866+05:30 DEBUG 12572 --- [url-shortener-sb] [           main] o.s.b.f.s.DefaultListableBeanFactory     : Creating shared instance of singleton bean 'org.springframework.context.annotation.internalCommonAnnotationProcessor'
2025-03-25T20:32:41.870+05:30 DEBUG 12572 --- [url-shortener-sb] [           main] o.s.b.f.s.DefaultListableBeanFactory     : Creating shared instance of singleton bean 'org.springframework.context.annotation.internalPersistenceAnnotationProcessor'
2025-03-25T20:32:41.870+05:30 DEBUG 12572 --- [url-shortener-sb] [           main] o.s.b.f.s.DefaultListableBeanFactory     : Creating shared instance of singleton bean 'org.springframework.boot.context.properties.ConfigurationPropertiesBindingPostProcessor'
2025-03-25T20:32:41.870+05:30 DEBUG 12572 --- [url-shortener-sb] [           main] o.s.b.f.s.DefaultListableBeanFactory     : Creating shared instance of singleton bean 'org.springframework.boot.context.internalConfigurationPropertiesBinder'
2025-03-25T20:32:41.872+05:30 DEBUG 12572 --- [url-shortener-sb] [           main] o.s.b.f.s.DefaultListableBeanFactory     : Creating shared instance of singleton bean 'jdbcConnectionDetailsHikariBeanPostProcessor'
2025-03-25T20:32:41.876+05:30 DEBUG 12572 --- [url-shortener-sb] [           main] o.s.b.f.s.DefaultListableBeanFactory     : Creating shared instance of singleton bean 'org.springframework.context.annotation.internalScheduledAnnotationProcessor'
2025-03-25T20:32:41.876+05:30 DEBUG 12572 --- [url-shortener-sb] [           main] o.s.b.f.s.DefaultListableBeanFactory     : Creating shared instance of singleton bean 'org.springframework.scheduling.annotation.SchedulingConfiguration'
2025-03-25T20:32:41.885+05:30 DEBUG 12572 --- [url-shortener-sb] [           main] o.s.b.f.s.DefaultListableBeanFactory     : Creating shared instance of singleton bean 'org.springframework.aop.config.internalAutoProxyCreator'
2025-03-25T20:32:41.898+05:30 DEBUG 12572 --- [url-shortener-sb] [           main] o.s.b.f.s.DefaultListableBeanFactory     : Creating shared instance of singleton bean 'persistenceExceptionTranslationPostProcessor'
2025-03-25T20:32:41.900+05:30 DEBUG 12572 --- [url-shortener-sb] [           main] o.s.b.f.s.DefaultListableBeanFactory     : Autowiring by type from bean name 'persistenceExceptionTranslationPostProcessor' via factory method to bean named 'environment'
2025-03-25T20:32:41.903+05:30 DEBUG 12572 --- [url-shortener-sb] [           main] o.s.b.f.s.DefaultListableBeanFactory     : Creating shared instance of singleton bean 'webServerFactoryCustomizerBeanPostProcessor'
2025-03-25T20:32:41.904+05:30 DEBUG 12572 --- [url-shortener-sb] [           main] o.s.b.f.s.DefaultListableBeanFactory     : Creating shared instance of singleton bean 'errorPageRegistrarBeanPostProcessor'
2025-03-25T20:32:41.905+05:30 DEBUG 12572 --- [url-shortener-sb] [           main] o.s.b.f.s.DefaultListableBeanFactory     : Creating shared instance of singleton bean 'projectingArgumentResolverBeanPostProcessor'
2025-03-25T20:32:41.906+05:30 DEBUG 12572 --- [url-shortener-sb] [           main] o.s.b.f.s.DefaultListableBeanFactory     : Creating shared instance of singleton bean 'org.springframework.transaction.config.internalTransactionAdvisor'
2025-03-25T20:32:41.906+05:30 DEBUG 12572 --- [url-shortener-sb] [           main] o.s.b.f.s.DefaultListableBeanFactory     : Creating shared instance of singleton bean 'org.springframework.transaction.annotation.ProxyTransactionManagementConfiguration'
2025-03-25T20:32:41.933+05:30 DEBUG 12572 --- [url-shortener-sb] [           main] o.s.b.f.s.DefaultListableBeanFactory     : Creating shared instance of singleton bean 'transactionAttributeSource'
2025-03-25T20:32:41.935+05:30 DEBUG 12572 --- [url-shortener-sb] [           main] o.s.b.f.s.DefaultListableBeanFactory     : Creating shared instance of singleton bean 'transactionInterceptor'
2025-03-25T20:32:41.936+05:30 DEBUG 12572 --- [url-shortener-sb] [           main] o.s.b.f.s.DefaultListableBeanFactory     : Autowiring by type from bean name 'transactionInterceptor' via factory method to bean named 'transactionAttributeSource'
2025-03-25T20:32:41.942+05:30 DEBUG 12572 --- [url-shortener-sb] [           main] o.s.b.f.s.DefaultListableBeanFactory     : Autowiring by type from bean name 'org.springframework.transaction.config.internalTransactionAdvisor' via factory method to bean named 'transactionAttributeSource'
2025-03-25T20:32:41.942+05:30 DEBUG 12572 --- [url-shortener-sb] [           main] o.s.b.f.s.DefaultListableBeanFactory     : Autowiring by type from bean name 'org.springframework.transaction.config.internalTransactionAdvisor' via factory method to bean named 'transactionInterceptor'
2025-03-25T20:32:41.967+05:30 DEBUG 12572 --- [url-shortener-sb] [           main] o.s.u.c.s.UiApplicationContextUtils      : Unable to locate ThemeSource with name 'themeSource': using default [org.springframework.ui.context.support.ResourceBundleThemeSource@f25f48a]
2025-03-25T20:32:41.968+05:30 DEBUG 12572 --- [url-shortener-sb] [           main] o.s.b.f.s.DefaultListableBeanFactory     : Creating shared instance of singleton bean 'org.springframework.test.context.support.internalDynamicPropertyRegistrarBeanInitializer'
2025-03-25T20:32:41.971+05:30 DEBUG 12572 --- [url-shortener-sb] [           main] o.s.b.f.s.DefaultListableBeanFactory     : Creating shared instance of singleton bean 'dataSourceScriptDatabaseInitializer'
2025-03-25T20:32:41.972+05:30 DEBUG 12572 --- [url-shortener-sb] [           main] o.s.b.f.s.DefaultListableBeanFactory     : Creating shared instance of singleton bean 'org.springframework.boot.autoconfigure.sql.init.DataSourceInitializationConfiguration'
2025-03-25T20:32:41.973+05:30 DEBUG 12572 --- [url-shortener-sb] [           main] o.s.b.f.s.DefaultListableBeanFactory     : Creating shared instance of singleton bean 'dataSource'
2025-03-25T20:32:41.973+05:30 DEBUG 12572 --- [url-shortener-sb] [           main] o.s.b.f.s.DefaultListableBeanFactory     : Creating shared instance of singleton bean 'org.springframework.boot.autoconfigure.jdbc.DataSourceConfiguration$Hikari'
2025-03-25T20:32:41.974+05:30 DEBUG 12572 --- [url-shortener-sb] [           main] o.s.b.f.s.DefaultListableBeanFactory     : Creating shared instance of singleton bean 'spring.datasource-org.springframework.boot.autoconfigure.jdbc.DataSourceProperties'
2025-03-25T20:32:41.976+05:30 DEBUG 12572 --- [url-shortener-sb] [           main] o.s.b.f.s.DefaultListableBeanFactory     : Creating shared instance of singleton bean 'org.springframework.boot.context.properties.BoundConfigurationProperties'
2025-03-25T20:32:41.982+05:30 DEBUG 12572 --- [url-shortener-sb] [           main] ySourcesPropertyResolver$DefaultResolver : Found key 'DATABASE_DRIVER' in PropertySource 'systemEnvironment' with value of type String
2025-03-25T20:32:41.986+05:30 DEBUG 12572 --- [url-shortener-sb] [           main] ySourcesPropertyResolver$DefaultResolver : Found key 'DATABASE_PASSWORD' in PropertySource 'systemEnvironment' with value of type String
2025-03-25T20:32:41.986+05:30 DEBUG 12572 --- [url-shortener-sb] [           main] ySourcesPropertyResolver$DefaultResolver : Found key 'DATABASE_URL' in PropertySource 'systemEnvironment' with value of type String
2025-03-25T20:32:41.987+05:30 DEBUG 12572 --- [url-shortener-sb] [           main] ySourcesPropertyResolver$DefaultResolver : Found key 'DATABASE_USERNAME' in PropertySource 'systemEnvironment' with value of type String
2025-03-25T20:32:41.992+05:30 DEBUG 12572 --- [url-shortener-sb] [           main] o.s.b.f.s.DefaultListableBeanFactory     : Creating shared instance of singleton bean 'jdbcConnectionDetails'
2025-03-25T20:32:41.992+05:30 DEBUG 12572 --- [url-shortener-sb] [           main] o.s.b.f.s.DefaultListableBeanFactory     : Creating shared instance of singleton bean 'org.springframework.boot.autoconfigure.jdbc.DataSourceAutoConfiguration$PooledDataSourceConfiguration'
2025-03-25T20:32:41.994+05:30 DEBUG 12572 --- [url-shortener-sb] [           main] o.s.b.f.s.DefaultListableBeanFactory     : Autowiring by type from bean name 'jdbcConnectionDetails' via factory method to bean named 'spring.datasource-org.springframework.boot.autoconfigure.jdbc.DataSourceProperties'
2025-03-25T20:32:41.995+05:30 DEBUG 12572 --- [url-shortener-sb] [           main] o.s.b.f.s.DefaultListableBeanFactory     : Autowiring by type from bean name 'dataSource' via factory method to bean named 'spring.datasource-org.springframework.boot.autoconfigure.jdbc.DataSourceProperties'
2025-03-25T20:32:41.995+05:30 DEBUG 12572 --- [url-shortener-sb] [           main] o.s.b.f.s.DefaultListableBeanFactory     : Autowiring by type from bean name 'dataSource' via factory method to bean named 'jdbcConnectionDetails'
2025-03-25T20:32:42.022+05:30 DEBUG 12572 --- [url-shortener-sb] [           main] o.s.b.f.s.DefaultListableBeanFactory     : Creating shared instance of singleton bean 'spring.sql.init-org.springframework.boot.autoconfigure.sql.init.SqlInitializationProperties'
2025-03-25T20:32:42.026+05:30 DEBUG 12572 --- [url-shortener-sb] [           main] o.s.b.f.s.DefaultListableBeanFactory     : Autowiring by type from bean name 'dataSourceScriptDatabaseInitializer' via factory method to bean named 'dataSource'
2025-03-25T20:32:42.026+05:30 DEBUG 12572 --- [url-shortener-sb] [           main] o.s.b.f.s.DefaultListableBeanFactory     : Autowiring by type from bean name 'dataSourceScriptDatabaseInitializer' via factory method to bean named 'spring.sql.init-org.springframework.boot.autoconfigure.sql.init.SqlInitializationProperties'
2025-03-25T20:32:42.031+05:30 DEBUG 12572 --- [url-shortener-sb] [           main] o.s.b.f.s.DefaultListableBeanFactory     : Creating shared instance of singleton bean 'entityManagerFactory'
2025-03-25T20:32:42.031+05:30 DEBUG 12572 --- [url-shortener-sb] [           main] o.s.b.f.s.DefaultListableBeanFactory     : Creating shared instance of singleton bean 'org.springframework.boot.autoconfigure.orm.jpa.HibernateJpaConfiguration'
2025-03-25T20:32:42.032+05:30 DEBUG 12572 --- [url-shortener-sb] [           main] o.s.b.f.s.DefaultListableBeanFactory     : Creating shared instance of singleton bean 'spring.jpa-org.springframework.boot.autoconfigure.orm.jpa.JpaProperties'
2025-03-25T20:32:42.035+05:30 DEBUG 12572 --- [url-shortener-sb] [           main] ySourcesPropertyResolver$DefaultResolver : Found key 'DATABASE_DIALECT' in PropertySource 'systemEnvironment' with value of type String
2025-03-25T20:32:42.035+05:30 DEBUG 12572 --- [url-shortener-sb] [           main] ySourcesPropertyResolver$DefaultResolver : Found key 'DATABASE_DIALECT' in PropertySource 'systemEnvironment' with value of type String
2025-03-25T20:32:42.037+05:30 DEBUG 12572 --- [url-shortener-sb] [           main] o.s.b.f.s.DefaultListableBeanFactory     : Creating shared instance of singleton bean 'spring.jpa.hibernate-org.springframework.boot.autoconfigure.orm.jpa.HibernateProperties'
2025-03-25T20:32:42.039+05:30 DEBUG 12572 --- [url-shortener-sb] [           main] o.s.b.f.s.DefaultListableBeanFactory     : Autowiring by type from bean name 'org.springframework.boot.autoconfigure.orm.jpa.HibernateJpaConfiguration' via constructor to bean named 'dataSource'
2025-03-25T20:32:42.039+05:30 DEBUG 12572 --- [url-shortener-sb] [           main] o.s.b.f.s.DefaultListableBeanFactory     : Autowiring by type from bean name 'org.springframework.boot.autoconfigure.orm.jpa.HibernateJpaConfiguration' via constructor to bean named 'spring.jpa-org.springframework.boot.autoconfigure.orm.jpa.JpaProperties'
2025-03-25T20:32:42.039+05:30 DEBUG 12572 --- [url-shortener-sb] [           main] o.s.b.f.s.DefaultListableBeanFactory     : Autowiring by type from bean name 'org.springframework.boot.autoconfigure.orm.jpa.HibernateJpaConfiguration' via constructor to bean named 'org.springframework.beans.factory.support.DefaultListableBeanFactory@585ac855'
2025-03-25T20:32:42.039+05:30 DEBUG 12572 --- [url-shortener-sb] [           main] o.s.b.f.s.DefaultListableBeanFactory     : Autowiring by type from bean name 'org.springframework.boot.autoconfigure.orm.jpa.HibernateJpaConfiguration' via constructor to bean named 'spring.jpa.hibernate-org.springframework.boot.autoconfigure.orm.jpa.HibernateProperties'
2025-03-25T20:32:42.043+05:30 DEBUG 12572 --- [url-shortener-sb] [           main] o.s.b.f.s.DefaultListableBeanFactory     : Creating shared instance of singleton bean 'hikariPoolDataSourceMetadataProvider'
2025-03-25T20:32:42.043+05:30 DEBUG 12572 --- [url-shortener-sb] [           main] o.s.b.f.s.DefaultListableBeanFactory     : Creating shared instance of singleton bean 'org.springframework.boot.autoconfigure.jdbc.metadata.DataSourcePoolMetadataProvidersConfiguration$HikariPoolDataSourceMetadataProviderConfiguration'
2025-03-25T20:32:42.057+05:30 DEBUG 12572 --- [url-shortener-sb] [           main] o.s.b.f.s.DefaultListableBeanFactory     : Creating shared instance of singleton bean 'entityManagerFactoryBuilder'
2025-03-25T20:32:42.058+05:30 DEBUG 12572 --- [url-shortener-sb] [           main] o.s.b.f.s.DefaultListableBeanFactory     : Creating shared instance of singleton bean 'jpaVendorAdapter'
2025-03-25T20:32:42.073+05:30 DEBUG 12572 --- [url-shortener-sb] [           main] o.s.b.f.s.DefaultListableBeanFactory     : Autowiring by type from bean name 'entityManagerFactoryBuilder' via factory method to bean named 'jpaVendorAdapter'
2025-03-25T20:32:42.084+05:30 DEBUG 12572 --- [url-shortener-sb] [           main] o.s.b.f.s.DefaultListableBeanFactory     : Creating shared instance of singleton bean 'persistenceManagedTypes'
2025-03-25T20:32:42.085+05:30 DEBUG 12572 --- [url-shortener-sb] [           main] o.s.b.f.s.DefaultListableBeanFactory     : Autowiring by type from bean name 'persistenceManagedTypes' via factory method to bean named 'org.springframework.beans.factory.support.DefaultListableBeanFactory@585ac855'
2025-03-25T20:32:42.085+05:30 DEBUG 12572 --- [url-shortener-sb] [           main] o.s.b.f.s.DefaultListableBeanFactory     : Autowiring by type from bean name 'persistenceManagedTypes' via factory method to bean named 'org.springframework.web.context.support.GenericWebApplicationContext@214894fc'
2025-03-25T20:32:42.096+05:30 DEBUG 12572 --- [url-shortener-sb] [           main] o.s.b.f.s.DefaultListableBeanFactory     : Autowiring by type from bean name 'entityManagerFactory' via factory method to bean named 'entityManagerFactoryBuilder'
2025-03-25T20:32:42.096+05:30 DEBUG 12572 --- [url-shortener-sb] [           main] o.s.b.f.s.DefaultListableBeanFactory     : Autowiring by type from bean name 'entityManagerFactory' via factory method to bean named 'persistenceManagedTypes'
2025-03-25T20:32:42.108+05:30 DEBUG 12572 --- [url-shortener-sb] [           main] j.LocalContainerEntityManagerFactoryBean : Building JPA container EntityManagerFactory for persistence unit 'default'
2025-03-25T20:32:42.153+05:30  INFO 12572 --- [url-shortener-sb] [           main] o.hibernate.jpa.internal.util.LogHelper  : HHH000204: Processing PersistenceUnitInfo [name: default]
2025-03-25T20:32:42.249+05:30  INFO 12572 --- [url-shortener-sb] [           main] org.hibernate.Version                    : HHH000412: Hibernate ORM core version 6.6.8.Final
2025-03-25T20:32:42.307+05:30  INFO 12572 --- [url-shortener-sb] [           main] o.h.c.internal.RegionFactoryInitiator    : HHH000026: Second-level cache disabled
2025-03-25T20:32:42.708+05:30  INFO 12572 --- [url-shortener-sb] [           main] o.s.o.j.p.SpringPersistenceUnitInfo      : No LoadTimeWeaver setup: ignoring JPA class transformer
2025-03-25T20:32:42.748+05:30  INFO 12572 --- [url-shortener-sb] [           main] com.zaxxer.hikari.HikariDataSource       : HikariPool-1 - Starting...
2025-03-25T20:32:46.389+05:30  INFO 12572 --- [url-shortener-sb] [           main] com.zaxxer.hikari.pool.HikariPool        : HikariPool-1 - Added connection org.postgresql.jdbc.PgConnection@1de30c31
2025-03-25T20:32:46.391+05:30  INFO 12572 --- [url-shortener-sb] [           main] com.zaxxer.hikari.HikariDataSource       : HikariPool-1 - Start completed.
2025-03-25T20:32:46.720+05:30  WARN 12572 --- [url-shortener-sb] [           main] org.hibernate.orm.deprecation            : HHH90000025: PostgreSQLDialect does not need to be specified explicitly using 'hibernate.dialect' (remove the property setting and it will be selected by default)
2025-03-25T20:32:47.040+05:30  INFO 12572 --- [url-shortener-sb] [           main] org.hibernate.orm.connections.pooling    : HHH10001005: Database info:
	Database JDBC URL [Connecting through datasource 'HikariDataSource (HikariPool-1)']
	Database driver: undefined/unknown
	Database version: 17.4
	Autocommit mode: undefined/unknown
	Isolation level: undefined/unknown
	Minimum pool size: undefined/unknown
	Maximum pool size: undefined/unknown
2025-03-25T20:32:48.924+05:30  INFO 12572 --- [url-shortener-sb] [           main] o.h.e.t.j.p.i.JtaPlatformInitiator       : HHH000489: No JTA platform available (set 'hibernate.transaction.jta.platform' to enable JTA platform integration)
2025-03-25T20:32:51.009+05:30  INFO 12572 --- [url-shortener-sb] [           main] j.LocalContainerEntityManagerFactoryBean : Initialized JPA EntityManagerFactory for persistence unit 'default'
2025-03-25T20:32:51.020+05:30 DEBUG 12572 --- [url-shortener-sb] [           main] o.s.b.f.s.DefaultListableBeanFactory     : Creating shared instance of singleton bean 'urlShortenerSbApplication'
2025-03-25T20:32:51.023+05:30 DEBUG 12572 --- [url-shortener-sb] [           main] o.s.b.f.s.DefaultListableBeanFactory     : Creating shared instance of singleton bean 'authController'
2025-03-25T20:32:51.032+05:30 DEBUG 12572 --- [url-shortener-sb] [           main] o.s.b.f.s.DefaultListableBeanFactory     : Creating shared instance of singleton bean 'userService'
2025-03-25T20:32:51.037+05:30 DEBUG 12572 --- [url-shortener-sb] [           main] o.s.b.f.s.DefaultListableBeanFactory     : Creating shared instance of singleton bean 'passwordEncoder'
2025-03-25T20:32:51.038+05:30 DEBUG 12572 --- [url-shortener-sb] [           main] o.s.b.f.s.DefaultListableBeanFactory     : Creating shared instance of singleton bean 'webSecurityConfig'
2025-03-25T20:32:51.038+05:30 DEBUG 12572 --- [url-shortener-sb] [           main] o.s.b.f.s.DefaultListableBeanFactory     : Creating shared instance of singleton bean 'jwtAuthenticationFilter'
2025-03-25T20:32:51.045+05:30 DEBUG 12572 --- [url-shortener-sb] [           main] o.s.b.f.s.DefaultListableBeanFactory     : Creating shared instance of singleton bean 'jwtUtils'
2025-03-25T20:32:51.049+05:30 DEBUG 12572 --- [url-shortener-sb] [           main] ySourcesPropertyResolver$DefaultResolver : Found key 'JWTS_SECRET_KEY' in PropertySource 'systemEnvironment' with value of type String
2025-03-25T20:32:51.049+05:30 DEBUG 12572 --- [url-shortener-sb] [           main] o.s.c.e.PropertySourcesPropertyResolver  : Found key 'jwt.secret' in PropertySource 'environmentProperties' with value of type String
2025-03-25T20:32:51.050+05:30 DEBUG 12572 --- [url-shortener-sb] [           main] o.s.c.e.PropertySourcesPropertyResolver  : Found key 'jwt.expiration' in PropertySource 'environmentProperties' with value of type String
2025-03-25T20:32:51.058+05:30 DEBUG 12572 --- [url-shortener-sb] [           main] o.s.b.f.s.DefaultListableBeanFactory     : Creating shared instance of singleton bean 'userDetailsServiceImpl'
2025-03-25T20:32:51.060+05:30 DEBUG 12572 --- [url-shortener-sb] [           main] o.s.b.f.s.DefaultListableBeanFactory     : Creating shared instance of singleton bean 'userRepository'
2025-03-25T20:32:51.074+05:30 DEBUG 12572 --- [url-shortener-sb] [           main] o.s.b.f.s.DefaultListableBeanFactory     : Creating shared instance of singleton bean 'jpa.named-queries#1'
2025-03-25T20:32:51.079+05:30 DEBUG 12572 --- [url-shortener-sb] [           main] o.s.b.f.s.DefaultListableBeanFactory     : Creating shared instance of singleton bean 'jpa.UserRepository.fragments#0'
2025-03-25T20:32:51.090+05:30 DEBUG 12572 --- [url-shortener-sb] [           main] o.s.b.f.s.DefaultListableBeanFactory     : Creating shared instance of singleton bean 'jpaSharedEM_entityManagerFactory'
2025-03-25T20:32:51.137+05:30 DEBUG 12572 --- [url-shortener-sb] [           main] o.s.b.f.s.DefaultListableBeanFactory     : Creating shared instance of singleton bean 'jpaMappingContext'
2025-03-25T20:32:51.138+05:30 DEBUG 12572 --- [url-shortener-sb] [           main] .c.JpaMetamodelMappingContextFactoryBean : Initializing JpaMetamodelMappingContext…
2025-03-25T20:32:51.159+05:30 DEBUG 12572 --- [url-shortener-sb] [           main] .c.JpaMetamodelMappingContextFactoryBean : Finished initializing JpaMetamodelMappingContext
2025-03-25T20:32:51.201+05:30 DEBUG 12572 --- [url-shortener-sb] [           main] tor$SharedEntityManagerInvocationHandler : Creating new EntityManager for shared EntityManager invocation
2025-03-25T20:32:51.266+05:30 DEBUG 12572 --- [url-shortener-sb] [           main] tor$SharedEntityManagerInvocationHandler : Creating new EntityManager for shared EntityManager invocation
2025-03-25T20:32:51.329+05:30 DEBUG 12572 --- [url-shortener-sb] [           main] o.s.d.r.c.s.RepositoryFactorySupport     : Initializing repository instance for com.url.shortener.repository.UserRepository…
2025-03-25T20:32:51.346+05:30 DEBUG 12572 --- [url-shortener-sb] [           main] tor$SharedEntityManagerInvocationHandler : Creating new EntityManager for shared EntityManager invocation
2025-03-25T20:32:51.403+05:30 DEBUG 12572 --- [url-shortener-sb] [           main] o.s.d.jpa.repository.query.NamedQuery    : Looking up named query 'User.existsByUsername'
2025-03-25T20:32:51.408+05:30 DEBUG 12572 --- [url-shortener-sb] [           main] o.s.d.jpa.repository.query.NamedQuery    : Did not find named query User.existsByUsername
2025-03-25T20:32:51.412+05:30 DEBUG 12572 --- [url-shortener-sb] [           main] tor$SharedEntityManagerInvocationHandler : Creating new EntityManager for shared EntityManager invocation
2025-03-25T20:32:51.484+05:30 DEBUG 12572 --- [url-shortener-sb] [           main] o.s.d.jpa.repository.query.NamedQuery    : Looking up named query 'User.findByUsername'
2025-03-25T20:32:51.485+05:30 DEBUG 12572 --- [url-shortener-sb] [           main] o.s.d.jpa.repository.query.NamedQuery    : Did not find named query User.findByUsername
2025-03-25T20:32:51.485+05:30 DEBUG 12572 --- [url-shortener-sb] [           main] tor$SharedEntityManagerInvocationHandler : Creating new EntityManager for shared EntityManager invocation
2025-03-25T20:32:51.487+05:30 DEBUG 12572 --- [url-shortener-sb] [           main] o.s.d.jpa.repository.query.NamedQuery    : Looking up named query 'User.existsByEmail'
2025-03-25T20:32:51.487+05:30 DEBUG 12572 --- [url-shortener-sb] [           main] o.s.d.jpa.repository.query.NamedQuery    : Did not find named query User.existsByEmail
2025-03-25T20:32:51.487+05:30 DEBUG 12572 --- [url-shortener-sb] [           main] tor$SharedEntityManagerInvocationHandler : Creating new EntityManager for shared EntityManager invocation
2025-03-25T20:32:51.494+05:30 DEBUG 12572 --- [url-shortener-sb] [           main] o.s.d.r.c.s.RepositoryFactorySupport     : Finished creation of repository instance for com.url.shortener.repository.UserRepository.
2025-03-25T20:32:51.535+05:30 DEBUG 12572 --- [url-shortener-sb] [           main] o.s.b.f.s.DefaultListableBeanFactory     : Autowiring by type from bean name 'webSecurityConfig' via constructor to bean named 'jwtAuthenticationFilter'
2025-03-25T20:32:51.536+05:30 DEBUG 12572 --- [url-shortener-sb] [           main] ySourcesPropertyResolver$DefaultResolver : Found key 'FRONTEND_URL' in PropertySource 'systemEnvironment' with value of type String
2025-03-25T20:32:51.537+05:30 DEBUG 12572 --- [url-shortener-sb] [           main] o.s.c.e.PropertySourcesPropertyResolver  : Found key 'FRONTEND_URL' in PropertySource 'environmentProperties' with value of type String
2025-03-25T20:32:51.542+05:30 DEBUG 12572 --- [url-shortener-sb] [           main] o.s.b.f.s.DefaultListableBeanFactory     : Creating shared instance of singleton bean 'authenticationManager'
2025-03-25T20:32:51.543+05:30 DEBUG 12572 --- [url-shortener-sb] [           main] o.s.b.f.s.DefaultListableBeanFactory     : Creating shared instance of singleton bean 'org.springframework.security.config.annotation.authentication.configuration.AuthenticationConfiguration'
2025-03-25T20:32:51.547+05:30 DEBUG 12572 --- [url-shortener-sb] [           main] o.s.b.f.s.DefaultListableBeanFactory     : Creating shared instance of singleton bean 'enableGlobalAuthenticationAutowiredConfigurer'
2025-03-25T20:32:51.548+05:30 DEBUG 12572 --- [url-shortener-sb] [           main] o.s.b.f.s.DefaultListableBeanFactory     : Autowiring by type from bean name 'enableGlobalAuthenticationAutowiredConfigurer' via factory method to bean named 'org.springframework.web.context.support.GenericWebApplicationContext@214894fc'
2025-03-25T20:32:51.550+05:30 DEBUG 12572 --- [url-shortener-sb] [           main] o.s.b.f.s.DefaultListableBeanFactory     : Creating shared instance of singleton bean 'initializeUserDetailsBeanManagerConfigurer'
2025-03-25T20:32:51.550+05:30 DEBUG 12572 --- [url-shortener-sb] [           main] o.s.b.f.s.DefaultListableBeanFactory     : Autowiring by type from bean name 'initializeUserDetailsBeanManagerConfigurer' via factory method to bean named 'org.springframework.web.context.support.GenericWebApplicationContext@214894fc'
2025-03-25T20:32:51.552+05:30 DEBUG 12572 --- [url-shortener-sb] [           main] o.s.b.f.s.DefaultListableBeanFactory     : Creating shared instance of singleton bean 'initializeAuthenticationProviderBeanManagerConfigurer'
2025-03-25T20:32:51.552+05:30 DEBUG 12572 --- [url-shortener-sb] [           main] o.s.b.f.s.DefaultListableBeanFactory     : Autowiring by type from bean name 'initializeAuthenticationProviderBeanManagerConfigurer' via factory method to bean named 'org.springframework.web.context.support.GenericWebApplicationContext@214894fc'
2025-03-25T20:32:51.554+05:30 DEBUG 12572 --- [url-shortener-sb] [           main] o.s.b.f.s.DefaultListableBeanFactory     : Creating shared instance of singleton bean 'objectPostProcessor'
2025-03-25T20:32:51.554+05:30 DEBUG 12572 --- [url-shortener-sb] [           main] o.s.b.f.s.DefaultListableBeanFactory     : Creating shared instance of singleton bean 'org.springframework.security.config.annotation.configuration.ObjectPostProcessorConfiguration'
2025-03-25T20:32:51.556+05:30 DEBUG 12572 --- [url-shortener-sb] [           main] o.s.b.f.s.DefaultListableBeanFactory     : Autowiring by type from bean name 'objectPostProcessor' via factory method to bean named 'org.springframework.beans.factory.support.DefaultListableBeanFactory@585ac855'
2025-03-25T20:32:51.558+05:30 DEBUG 12572 --- [url-shortener-sb] [           main] o.s.b.f.s.DefaultListableBeanFactory     : Autowiring by type from bean name 'authenticationManager' via factory method to bean named 'org.springframework.security.config.annotation.authentication.configuration.AuthenticationConfiguration'
2025-03-25T20:32:51.559+05:30 DEBUG 12572 --- [url-shortener-sb] [           main] o.s.b.f.s.DefaultListableBeanFactory     : Creating shared instance of singleton bean 'authenticationManagerBuilder'
2025-03-25T20:32:51.560+05:30 DEBUG 12572 --- [url-shortener-sb] [           main] o.s.b.f.s.DefaultListableBeanFactory     : Autowiring by type from bean name 'authenticationManagerBuilder' via factory method to bean named 'objectPostProcessor'
2025-03-25T20:32:51.560+05:30 DEBUG 12572 --- [url-shortener-sb] [           main] o.s.b.f.s.DefaultListableBeanFactory     : Autowiring by type from bean name 'authenticationManagerBuilder' via factory method to bean named 'org.springframework.web.context.support.GenericWebApplicationContext@214894fc'
2025-03-25T20:32:51.562+05:30 DEBUG 12572 --- [url-shortener-sb] [           main] o.s.b.f.s.DefaultListableBeanFactory     : Creating shared instance of singleton bean 'authenticationEventPublisher'
2025-03-25T20:32:51.563+05:30 DEBUG 12572 --- [url-shortener-sb] [           main] o.s.b.f.s.DefaultListableBeanFactory     : Creating shared instance of singleton bean 'org.springframework.boot.autoconfigure.security.servlet.SecurityAutoConfiguration'
2025-03-25T20:32:51.564+05:30 DEBUG 12572 --- [url-shortener-sb] [           main] o.s.b.f.s.DefaultListableBeanFactory     : Autowiring by type from bean name 'authenticationEventPublisher' via factory method to bean named 'org.springframework.web.context.support.GenericWebApplicationContext@214894fc'
2025-03-25T20:32:51.591+05:30  INFO 12572 --- [url-shortener-sb] [           main] r$InitializeUserDetailsManagerConfigurer : Global AuthenticationManager configured with UserDetailsService bean with name userDetailsServiceImpl
2025-03-25T20:32:51.594+05:30 DEBUG 12572 --- [url-shortener-sb] [           main] o.s.b.f.s.DefaultListableBeanFactory     : Autowiring by type from bean name 'userService' via constructor to bean named 'passwordEncoder'
2025-03-25T20:32:51.594+05:30 DEBUG 12572 --- [url-shortener-sb] [           main] o.s.b.f.s.DefaultListableBeanFactory     : Autowiring by type from bean name 'userService' via constructor to bean named 'userRepository'
2025-03-25T20:32:51.594+05:30 DEBUG 12572 --- [url-shortener-sb] [           main] o.s.b.f.s.DefaultListableBeanFactory     : Autowiring by type from bean name 'userService' via constructor to bean named 'authenticationManager'
2025-03-25T20:32:51.594+05:30 DEBUG 12572 --- [url-shortener-sb] [           main] o.s.b.f.s.DefaultListableBeanFactory     : Autowiring by type from bean name 'userService' via constructor to bean named 'jwtUtils'
2025-03-25T20:32:51.597+05:30 DEBUG 12572 --- [url-shortener-sb] [           main] o.s.b.f.s.DefaultListableBeanFactory     : Autowiring by type from bean name 'authController' via constructor to bean named 'userService'
2025-03-25T20:32:51.599+05:30 DEBUG 12572 --- [url-shortener-sb] [           main] o.s.b.f.s.DefaultListableBeanFactory     : Creating shared instance of singleton bean 'redirectController'
2025-03-25T20:32:51.600+05:30 DEBUG 12572 --- [url-shortener-sb] [           main] o.s.b.f.s.DefaultListableBeanFactory     : Creating shared instance of singleton bean 'urlMappingService'
2025-03-25T20:32:51.603+05:30 DEBUG 12572 --- [url-shortener-sb] [           main] o.s.b.f.s.DefaultListableBeanFactory     : Creating shared instance of singleton bean 'urlMappingRepository'
2025-03-25T20:32:51.605+05:30 DEBUG 12572 --- [url-shortener-sb] [           main] o.s.b.f.s.DefaultListableBeanFactory     : Creating shared instance of singleton bean 'jpa.named-queries#2'
2025-03-25T20:32:51.607+05:30 DEBUG 12572 --- [url-shortener-sb] [           main] o.s.b.f.s.DefaultListableBeanFactory     : Creating shared instance of singleton bean 'jpa.UrlMappingRepository.fragments#0'
2025-03-25T20:32:51.609+05:30 DEBUG 12572 --- [url-shortener-sb] [           main] tor$SharedEntityManagerInvocationHandler : Creating new EntityManager for shared EntityManager invocation
2025-03-25T20:32:51.625+05:30 DEBUG 12572 --- [url-shortener-sb] [           main] o.s.d.r.c.s.RepositoryFactorySupport     : Initializing repository instance for com.url.shortener.repository.UrlMappingRepository…
2025-03-25T20:32:51.625+05:30 DEBUG 12572 --- [url-shortener-sb] [           main] tor$SharedEntityManagerInvocationHandler : Creating new EntityManager for shared EntityManager invocation
2025-03-25T20:32:51.630+05:30 DEBUG 12572 --- [url-shortener-sb] [           main] o.s.d.jpa.repository.query.NamedQuery    : Looking up named query 'UrlMapping.findByShortUrl'
2025-03-25T20:32:51.631+05:30 DEBUG 12572 --- [url-shortener-sb] [           main] o.s.d.jpa.repository.query.NamedQuery    : Did not find named query UrlMapping.findByShortUrl
2025-03-25T20:32:51.632+05:30 DEBUG 12572 --- [url-shortener-sb] [           main] tor$SharedEntityManagerInvocationHandler : Creating new EntityManager for shared EntityManager invocation
2025-03-25T20:32:51.635+05:30 DEBUG 12572 --- [url-shortener-sb] [           main] o.s.d.jpa.repository.query.NamedQuery    : Looking up named query 'UrlMapping.findByUser'
2025-03-25T20:32:51.635+05:30 DEBUG 12572 --- [url-shortener-sb] [           main] o.s.d.jpa.repository.query.NamedQuery    : Did not find named query UrlMapping.findByUser
2025-03-25T20:32:51.635+05:30 DEBUG 12572 --- [url-shortener-sb] [           main] tor$SharedEntityManagerInvocationHandler : Creating new EntityManager for shared EntityManager invocation
2025-03-25T20:32:51.647+05:30 DEBUG 12572 --- [url-shortener-sb] [           main] o.s.d.r.c.s.RepositoryFactorySupport     : Finished creation of repository instance for com.url.shortener.repository.UrlMappingRepository.
2025-03-25T20:32:51.649+05:30 DEBUG 12572 --- [url-shortener-sb] [           main] o.s.b.f.s.DefaultListableBeanFactory     : Creating shared instance of singleton bean 'clickEventRepository'
2025-03-25T20:32:51.650+05:30 DEBUG 12572 --- [url-shortener-sb] [           main] o.s.b.f.s.DefaultListableBeanFactory     : Creating shared instance of singleton bean 'jpa.named-queries#0'
2025-03-25T20:32:51.652+05:30 DEBUG 12572 --- [url-shortener-sb] [           main] o.s.b.f.s.DefaultListableBeanFactory     : Creating shared instance of singleton bean 'jpa.ClickEventRepository.fragments#0'
2025-03-25T20:32:51.653+05:30 DEBUG 12572 --- [url-shortener-sb] [           main] tor$SharedEntityManagerInvocationHandler : Creating new EntityManager for shared EntityManager invocation
2025-03-25T20:32:51.654+05:30 DEBUG 12572 --- [url-shortener-sb] [           main] o.s.d.r.c.s.RepositoryFactorySupport     : Initializing repository instance for com.url.shortener.repository.ClickEventRepository…
2025-03-25T20:32:51.654+05:30 DEBUG 12572 --- [url-shortener-sb] [           main] tor$SharedEntityManagerInvocationHandler : Creating new EntityManager for shared EntityManager invocation
2025-03-25T20:32:51.657+05:30 DEBUG 12572 --- [url-shortener-sb] [           main] o.s.d.jpa.repository.query.NamedQuery    : Looking up named query 'ClickEvent.findByUrlMappingInAndClickDateBetween'
2025-03-25T20:32:51.657+05:30 DEBUG 12572 --- [url-shortener-sb] [           main] o.s.d.jpa.repository.query.NamedQuery    : Did not find named query ClickEvent.findByUrlMappingInAndClickDateBetween
2025-03-25T20:32:51.657+05:30 DEBUG 12572 --- [url-shortener-sb] [           main] tor$SharedEntityManagerInvocationHandler : Creating new EntityManager for shared EntityManager invocation
2025-03-25T20:32:51.663+05:30 DEBUG 12572 --- [url-shortener-sb] [           main] o.s.d.jpa.repository.query.NamedQuery    : Looking up named query 'ClickEvent.findByUrlMappingAndClickDateBetween'
2025-03-25T20:32:51.663+05:30 DEBUG 12572 --- [url-shortener-sb] [           main] o.s.d.jpa.repository.query.NamedQuery    : Did not find named query ClickEvent.findByUrlMappingAndClickDateBetween
2025-03-25T20:32:51.663+05:30 DEBUG 12572 --- [url-shortener-sb] [           main] tor$SharedEntityManagerInvocationHandler : Creating new EntityManager for shared EntityManager invocation
2025-03-25T20:32:51.670+05:30 DEBUG 12572 --- [url-shortener-sb] [           main] o.s.d.r.c.s.RepositoryFactorySupport     : Finished creation of repository instance for com.url.shortener.repository.ClickEventRepository.
2025-03-25T20:32:51.671+05:30 DEBUG 12572 --- [url-shortener-sb] [           main] o.s.b.f.s.DefaultListableBeanFactory     : Autowiring by type from bean name 'urlMappingService' via constructor to bean named 'urlMappingRepository'
2025-03-25T20:32:51.671+05:30 DEBUG 12572 --- [url-shortener-sb] [           main] o.s.b.f.s.DefaultListableBeanFactory     : Autowiring by type from bean name 'urlMappingService' via constructor to bean named 'clickEventRepository'
2025-03-25T20:32:51.673+05:30 DEBUG 12572 --- [url-shortener-sb] [           main] o.s.b.f.s.DefaultListableBeanFactory     : Autowiring by type from bean name 'redirectController' via constructor to bean named 'urlMappingService'
2025-03-25T20:32:51.673+05:30 DEBUG 12572 --- [url-shortener-sb] [           main] o.s.b.f.s.DefaultListableBeanFactory     : Creating shared instance of singleton bean 'urlMappingController'
2025-03-25T20:32:51.677+05:30 DEBUG 12572 --- [url-shortener-sb] [           main] o.s.b.f.s.DefaultListableBeanFactory     : Autowiring by type from bean name 'urlMappingController' via constructor to bean named 'userService'
2025-03-25T20:32:51.677+05:30 DEBUG 12572 --- [url-shortener-sb] [           main] o.s.b.f.s.DefaultListableBeanFactory     : Autowiring by type from bean name 'urlMappingController' via constructor to bean named 'urlMappingService'
2025-03-25T20:32:51.678+05:30 DEBUG 12572 --- [url-shortener-sb] [           main] o.s.b.f.s.DefaultListableBeanFactory     : Creating shared instance of singleton bean 'webConfig'
2025-03-25T20:32:51.679+05:30 DEBUG 12572 --- [url-shortener-sb] [           main] ySourcesPropertyResolver$DefaultResolver : Found key 'FRONTEND_URL' in PropertySource 'systemEnvironment' with value of type String
2025-03-25T20:32:51.679+05:30 DEBUG 12572 --- [url-shortener-sb] [           main] o.s.c.e.PropertySourcesPropertyResolver  : Found key 'FRONTEND_URL' in PropertySource 'environmentProperties' with value of type String
2025-03-25T20:32:51.680+05:30 DEBUG 12572 --- [url-shortener-sb] [           main] o.s.b.f.s.DefaultListableBeanFactory     : Creating shared instance of singleton bean 'org.springframework.security.config.annotation.web.configuration.WebSecurityConfiguration'
2025-03-25T20:32:51.683+05:30 DEBUG 12572 --- [url-shortener-sb] [           main] o.s.b.f.s.DefaultListableBeanFactory     : Creating shared instance of singleton bean 'org.springframework.security.config.annotation.web.configuration.HttpSecurityConfiguration'
2025-03-25T20:32:51.689+05:30 DEBUG 12572 --- [url-shortener-sb] [           main] o.s.b.f.s.DefaultListableBeanFactory     : Creating shared instance of singleton bean 'mvcContentNegotiationManager'
2025-03-25T20:32:51.690+05:30 DEBUG 12572 --- [url-shortener-sb] [           main] o.s.b.f.s.DefaultListableBeanFactory     : Creating shared instance of singleton bean 'org.springframework.boot.autoconfigure.web.servlet.WebMvcAutoConfiguration$EnableWebMvcConfiguration'
2025-03-25T20:32:51.691+05:30 DEBUG 12572 --- [url-shortener-sb] [           main] o.s.b.f.s.DefaultListableBeanFactory     : Creating shared instance of singleton bean 'spring.mvc-org.springframework.boot.autoconfigure.web.servlet.WebMvcProperties'
2025-03-25T20:32:51.702+05:30 DEBUG 12572 --- [url-shortener-sb] [           main] o.s.b.f.s.DefaultListableBeanFactory     : Creating shared instance of singleton bean 'spring.web-org.springframework.boot.autoconfigure.web.WebProperties'
2025-03-25T20:32:51.707+05:30 DEBUG 12572 --- [url-shortener-sb] [           main] o.s.b.f.s.DefaultListableBeanFactory     : Autowiring by type from bean name 'org.springframework.boot.autoconfigure.web.servlet.WebMvcAutoConfiguration$EnableWebMvcConfiguration' via constructor to bean named 'spring.mvc-org.springframework.boot.autoconfigure.web.servlet.WebMvcProperties'
2025-03-25T20:32:51.707+05:30 DEBUG 12572 --- [url-shortener-sb] [           main] o.s.b.f.s.DefaultListableBeanFactory     : Autowiring by type from bean name 'org.springframework.boot.autoconfigure.web.servlet.WebMvcAutoConfiguration$EnableWebMvcConfiguration' via constructor to bean named 'spring.web-org.springframework.boot.autoconfigure.web.WebProperties'
2025-03-25T20:32:51.708+05:30 DEBUG 12572 --- [url-shortener-sb] [           main] o.s.b.f.s.DefaultListableBeanFactory     : Autowiring by type from bean name 'org.springframework.boot.autoconfigure.web.servlet.WebMvcAutoConfiguration$EnableWebMvcConfiguration' via constructor to bean named 'org.springframework.beans.factory.support.DefaultListableBeanFactory@585ac855'
2025-03-25T20:32:51.715+05:30 DEBUG 12572 --- [url-shortener-sb] [           main] o.s.b.f.s.DefaultListableBeanFactory     : Creating shared instance of singleton bean 'org.springframework.security.config.annotation.web.configuration.WebMvcSecurityConfiguration'
2025-03-25T20:32:51.716+05:30 DEBUG 12572 --- [url-shortener-sb] [           main] o.s.b.f.s.DefaultListableBeanFactory     : Creating shared instance of singleton bean 'org.springframework.boot.autoconfigure.web.servlet.WebMvcAutoConfiguration$WebMvcAutoConfigurationAdapter'
2025-03-25T20:32:51.717+05:30 DEBUG 12572 --- [url-shortener-sb] [           main] o.s.b.f.s.DefaultListableBeanFactory     : Autowiring by type from bean name 'org.springframework.boot.autoconfigure.web.servlet.WebMvcAutoConfiguration$WebMvcAutoConfigurationAdapter' via constructor to bean named 'spring.web-org.springframework.boot.autoconfigure.web.WebProperties'
2025-03-25T20:32:51.717+05:30 DEBUG 12572 --- [url-shortener-sb] [           main] o.s.b.f.s.DefaultListableBeanFactory     : Autowiring by type from bean name 'org.springframework.boot.autoconfigure.web.servlet.WebMvcAutoConfiguration$WebMvcAutoConfigurationAdapter' via constructor to bean named 'spring.mvc-org.springframework.boot.autoconfigure.web.servlet.WebMvcProperties'
2025-03-25T20:32:51.717+05:30 DEBUG 12572 --- [url-shortener-sb] [           main] o.s.b.f.s.DefaultListableBeanFactory     : Autowiring by type from bean name 'org.springframework.boot.autoconfigure.web.servlet.WebMvcAutoConfiguration$WebMvcAutoConfigurationAdapter' via constructor to bean named 'org.springframework.beans.factory.support.DefaultListableBeanFactory@585ac855'
2025-03-25T20:32:51.722+05:30 DEBUG 12572 --- [url-shortener-sb] [           main] o.s.b.f.s.DefaultListableBeanFactory     : Creating shared instance of singleton bean 'openEntityManagerInViewInterceptorConfigurer'
2025-03-25T20:32:51.722+05:30 DEBUG 12572 --- [url-shortener-sb] [           main] o.s.b.f.s.DefaultListableBeanFactory     : Creating shared instance of singleton bean 'org.springframework.boot.autoconfigure.orm.jpa.JpaBaseConfiguration$JpaWebConfiguration'
2025-03-25T20:32:51.723+05:30 DEBUG 12572 --- [url-shortener-sb] [           main] o.s.b.f.s.DefaultListableBeanFactory     : Autowiring by type from bean name 'org.springframework.boot.autoconfigure.orm.jpa.JpaBaseConfiguration$JpaWebConfiguration' via constructor to bean named 'spring.jpa-org.springframework.boot.autoconfigure.orm.jpa.JpaProperties'
2025-03-25T20:32:51.724+05:30 DEBUG 12572 --- [url-shortener-sb] [           main] o.s.b.f.s.DefaultListableBeanFactory     : Creating shared instance of singleton bean 'openEntityManagerInViewInterceptor'
2025-03-25T20:32:51.724+05:30  WARN 12572 --- [url-shortener-sb] [           main] JpaBaseConfiguration$JpaWebConfiguration : spring.jpa.open-in-view is enabled by default. Therefore, database queries may be performed during view rendering. Explicitly configure spring.jpa.open-in-view to disable this warning
2025-03-25T20:32:51.728+05:30 DEBUG 12572 --- [url-shortener-sb] [           main] o.s.b.f.s.DefaultListableBeanFactory     : Autowiring by type from bean name 'openEntityManagerInViewInterceptorConfigurer' via factory method to bean named 'openEntityManagerInViewInterceptor'
2025-03-25T20:32:51.729+05:30 DEBUG 12572 --- [url-shortener-sb] [           main] o.s.b.f.s.DefaultListableBeanFactory     : Creating shared instance of singleton bean 'org.springframework.data.web.config.SpringDataWebConfiguration'
2025-03-25T20:32:51.731+05:30 DEBUG 12572 --- [url-shortener-sb] [           main] o.s.b.f.s.DefaultListableBeanFactory     : Autowiring by type from bean name 'org.springframework.data.web.config.SpringDataWebConfiguration' via constructor to bean named 'org.springframework.web.context.support.GenericWebApplicationContext@214894fc'
2025-03-25T20:32:51.837+05:30 DEBUG 12572 --- [url-shortener-sb] [           main] o.s.b.f.s.DefaultListableBeanFactory     : Creating shared instance of singleton bean 'filterChainDecoratorPostProcessor'
2025-03-25T20:32:51.840+05:30 DEBUG 12572 --- [url-shortener-sb] [           main] o.s.b.f.s.DefaultListableBeanFactory     : Creating shared instance of singleton bean 'mvcHandlerMappingIntrospectorRequestTransformer'
2025-03-25T20:32:51.840+05:30 DEBUG 12572 --- [url-shortener-sb] [           main] o.s.b.f.s.DefaultListableBeanFactory     : Creating shared instance of singleton bean 'mvcHandlerMappingIntrospector'
2025-03-25T20:32:51.846+05:30 DEBUG 12572 --- [url-shortener-sb] [           main] o.s.b.f.s.DefaultListableBeanFactory     : Creating shared instance of singleton bean 'welcomePageHandlerMapping'
2025-03-25T20:32:51.846+05:30 DEBUG 12572 --- [url-shortener-sb] [           main] o.s.b.f.s.DefaultListableBeanFactory     : Creating shared instance of singleton bean 'mvcConversionService'
2025-03-25T20:32:51.856+05:30 DEBUG 12572 --- [url-shortener-sb] [           main] o.s.b.f.s.DefaultListableBeanFactory     : Creating shared instance of singleton bean 'mvcResourceUrlProvider'
2025-03-25T20:32:51.859+05:30 DEBUG 12572 --- [url-shortener-sb] [           main] o.s.b.f.s.DefaultListableBeanFactory     : Autowiring by type from bean name 'welcomePageHandlerMapping' via factory method to bean named 'org.springframework.web.context.support.GenericWebApplicationContext@214894fc'
2025-03-25T20:32:51.860+05:30 DEBUG 12572 --- [url-shortener-sb] [           main] o.s.b.f.s.DefaultListableBeanFactory     : Autowiring by type from bean name 'welcomePageHandlerMapping' via factory method to bean named 'mvcConversionService'
2025-03-25T20:32:51.860+05:30 DEBUG 12572 --- [url-shortener-sb] [           main] o.s.b.f.s.DefaultListableBeanFactory     : Autowiring by type from bean name 'welcomePageHandlerMapping' via factory method to bean named 'mvcResourceUrlProvider'
2025-03-25T20:32:51.888+05:30 DEBUG 12572 --- [url-shortener-sb] [           main] o.s.b.f.s.DefaultListableBeanFactory     : Creating shared instance of singleton bean 'welcomePageNotAcceptableHandlerMapping'
2025-03-25T20:32:51.889+05:30 DEBUG 12572 --- [url-shortener-sb] [           main] o.s.b.f.s.DefaultListableBeanFactory     : Autowiring by type from bean name 'welcomePageNotAcceptableHandlerMapping' via factory method to bean named 'org.springframework.web.context.support.GenericWebApplicationContext@214894fc'
2025-03-25T20:32:51.889+05:30 DEBUG 12572 --- [url-shortener-sb] [           main] o.s.b.f.s.DefaultListableBeanFactory     : Autowiring by type from bean name 'welcomePageNotAcceptableHandlerMapping' via factory method to bean named 'mvcConversionService'
2025-03-25T20:32:51.889+05:30 DEBUG 12572 --- [url-shortener-sb] [           main] o.s.b.f.s.DefaultListableBeanFactory     : Autowiring by type from bean name 'welcomePageNotAcceptableHandlerMapping' via factory method to bean named 'mvcResourceUrlProvider'
2025-03-25T20:32:51.894+05:30 DEBUG 12572 --- [url-shortener-sb] [           main] o.s.b.f.s.DefaultListableBeanFactory     : Creating shared instance of singleton bean 'requestMappingHandlerMapping'
2025-03-25T20:32:51.896+05:30 DEBUG 12572 --- [url-shortener-sb] [           main] o.s.b.f.s.DefaultListableBeanFactory     : Autowiring by type from bean name 'requestMappingHandlerMapping' via factory method to bean named 'mvcContentNegotiationManager'
2025-03-25T20:32:51.896+05:30 DEBUG 12572 --- [url-shortener-sb] [           main] o.s.b.f.s.DefaultListableBeanFactory     : Autowiring by type from bean name 'requestMappingHandlerMapping' via factory method to bean named 'mvcConversionService'
2025-03-25T20:32:51.896+05:30 DEBUG 12572 --- [url-shortener-sb] [           main] o.s.b.f.s.DefaultListableBeanFactory     : Autowiring by type from bean name 'requestMappingHandlerMapping' via factory method to bean named 'mvcResourceUrlProvider'
2025-03-25T20:32:51.932+05:30 TRACE 12572 --- [url-shortener-sb] [           main] s.w.s.m.m.a.RequestMappingHandlerMapping : 
	c.u.s.c.AuthController:
	{GET [/api/auth/health-check]}: healthCheck()
	{POST [/api/auth/register]}: registerUser(RegisterRequest)
	{POST [/api/auth/login]}: loginUser(LoginRequest)
2025-03-25T20:32:51.933+05:30 DEBUG 12572 --- [url-shortener-sb] [           main] ySourcesPropertyResolver$DefaultResolver : Found key 'FRONTEND_URL' in PropertySource 'systemEnvironment' with value of type String
2025-03-25T20:32:51.933+05:30 DEBUG 12572 --- [url-shortener-sb] [           main] o.s.c.e.PropertySourcesPropertyResolver  : Found key 'FRONTEND_URL' in PropertySource 'environmentProperties' with value of type String
2025-03-25T20:32:51.937+05:30 DEBUG 12572 --- [url-shortener-sb] [           main] ySourcesPropertyResolver$DefaultResolver : Found key 'FRONTEND_URL' in PropertySource 'systemEnvironment' with value of type String
2025-03-25T20:32:51.937+05:30 DEBUG 12572 --- [url-shortener-sb] [           main] o.s.c.e.PropertySourcesPropertyResolver  : Found key 'FRONTEND_URL' in PropertySource 'environmentProperties' with value of type String
2025-03-25T20:32:51.937+05:30 DEBUG 12572 --- [url-shortener-sb] [           main] ySourcesPropertyResolver$DefaultResolver : Found key 'FRONTEND_URL' in PropertySource 'systemEnvironment' with value of type String
2025-03-25T20:32:51.938+05:30 DEBUG 12572 --- [url-shortener-sb] [           main] o.s.c.e.PropertySourcesPropertyResolver  : Found key 'FRONTEND_URL' in PropertySource 'environmentProperties' with value of type String
2025-03-25T20:32:51.938+05:30 TRACE 12572 --- [url-shortener-sb] [           main] s.w.s.m.m.a.RequestMappingHandlerMapping : 
	c.u.s.c.RedirectController:
	{GET [/{shortUrl}]}: redirectToOriginalUrl(String)
2025-03-25T20:32:51.940+05:30 TRACE 12572 --- [url-shortener-sb] [           main] s.w.s.m.m.a.RequestMappingHandlerMapping : 
	c.u.s.c.UrlMappingController:
	{GET [/api/urls/totalClicks]}: getTotalClicksByDate(Principal,String,String)
	{GET [/api/urls/myurls]}: getUrlsByUser(Principal)
	{GET [/api/urls/analytics/{shortUrl}]}: getUrlAnalytics(String,String,String)
	{POST [/api/urls/shorten]}: shortenUrl(Map,Principal)
2025-03-25T20:32:51.949+05:30 TRACE 12572 --- [url-shortener-sb] [           main] s.w.s.m.m.a.RequestMappingHandlerMapping : 
	o.s.b.a.w.s.e.BasicErrorController:
	{ [/error]}: error(HttpServletRequest)
	{ [/error], produces [text/html]}: errorHtml(HttpServletRequest,HttpServletResponse)
2025-03-25T20:32:51.951+05:30 DEBUG 12572 --- [url-shortener-sb] [           main] s.w.s.m.m.a.RequestMappingHandlerMapping : 10 mappings in 'requestMappingHandlerMapping'
2025-03-25T20:32:51.956+05:30 DEBUG 12572 --- [url-shortener-sb] [           main] o.s.b.f.s.DefaultListableBeanFactory     : Creating shared instance of singleton bean 'viewControllerHandlerMapping'
2025-03-25T20:32:51.958+05:30 DEBUG 12572 --- [url-shortener-sb] [           main] o.s.b.f.s.DefaultListableBeanFactory     : Autowiring by type from bean name 'viewControllerHandlerMapping' via factory method to bean named 'mvcConversionService'
2025-03-25T20:32:51.958+05:30 DEBUG 12572 --- [url-shortener-sb] [           main] o.s.b.f.s.DefaultListableBeanFactory     : Autowiring by type from bean name 'viewControllerHandlerMapping' via factory method to bean named 'mvcResourceUrlProvider'
2025-03-25T20:32:51.959+05:30 DEBUG 12572 --- [url-shortener-sb] [           main] o.s.b.f.s.DefaultListableBeanFactory     : Creating shared instance of singleton bean 'beanNameHandlerMapping'
2025-03-25T20:32:51.960+05:30 DEBUG 12572 --- [url-shortener-sb] [           main] o.s.b.f.s.DefaultListableBeanFactory     : Autowiring by type from bean name 'beanNameHandlerMapping' via factory method to bean named 'mvcConversionService'
2025-03-25T20:32:51.960+05:30 DEBUG 12572 --- [url-shortener-sb] [           main] o.s.b.f.s.DefaultListableBeanFactory     : Autowiring by type from bean name 'beanNameHandlerMapping' via factory method to bean named 'mvcResourceUrlProvider'
2025-03-25T20:32:51.964+05:30 DEBUG 12572 --- [url-shortener-sb] [           main] o.s.w.s.h.BeanNameUrlHandlerMapping      : Detected 0 mappings in 'beanNameHandlerMapping'
2025-03-25T20:32:51.966+05:30 DEBUG 12572 --- [url-shortener-sb] [           main] o.s.b.f.s.DefaultListableBeanFactory     : Creating shared instance of singleton bean 'routerFunctionMapping'
2025-03-25T20:32:51.966+05:30 DEBUG 12572 --- [url-shortener-sb] [           main] o.s.b.f.s.DefaultListableBeanFactory     : Autowiring by type from bean name 'routerFunctionMapping' via factory method to bean named 'mvcConversionService'
2025-03-25T20:32:51.966+05:30 DEBUG 12572 --- [url-shortener-sb] [           main] o.s.b.f.s.DefaultListableBeanFactory     : Autowiring by type from bean name 'routerFunctionMapping' via factory method to bean named 'mvcResourceUrlProvider'
2025-03-25T20:32:51.968+05:30 DEBUG 12572 --- [url-shortener-sb] [           main] o.s.b.f.s.DefaultListableBeanFactory     : Creating shared instance of singleton bean 'messageConverters'
2025-03-25T20:32:51.968+05:30 DEBUG 12572 --- [url-shortener-sb] [           main] o.s.b.f.s.DefaultListableBeanFactory     : Creating shared instance of singleton bean 'org.springframework.boot.autoconfigure.http.HttpMessageConvertersAutoConfiguration'
2025-03-25T20:32:51.973+05:30 DEBUG 12572 --- [url-shortener-sb] [           main] o.s.b.f.s.DefaultListableBeanFactory     : Creating shared instance of singleton bean 'stringHttpMessageConverter'
2025-03-25T20:32:51.974+05:30 DEBUG 12572 --- [url-shortener-sb] [           main] o.s.b.f.s.DefaultListableBeanFactory     : Creating shared instance of singleton bean 'org.springframework.boot.autoconfigure.http.HttpMessageConvertersAutoConfiguration$StringHttpMessageConverterConfiguration'
2025-03-25T20:32:51.975+05:30 DEBUG 12572 --- [url-shortener-sb] [           main] o.s.b.f.s.DefaultListableBeanFactory     : Autowiring by type from bean name 'stringHttpMessageConverter' via factory method to bean named 'environment'
2025-03-25T20:32:51.981+05:30 DEBUG 12572 --- [url-shortener-sb] [           main] o.s.b.f.s.DefaultListableBeanFactory     : Creating shared instance of singleton bean 'mappingJackson2HttpMessageConverter'
2025-03-25T20:32:51.981+05:30 DEBUG 12572 --- [url-shortener-sb] [           main] o.s.b.f.s.DefaultListableBeanFactory     : Creating shared instance of singleton bean 'org.springframework.boot.autoconfigure.http.JacksonHttpMessageConvertersConfiguration$MappingJackson2HttpMessageConverterConfiguration'
2025-03-25T20:32:51.983+05:30 DEBUG 12572 --- [url-shortener-sb] [           main] o.s.b.f.s.DefaultListableBeanFactory     : Creating shared instance of singleton bean 'jacksonObjectMapper'
2025-03-25T20:32:51.984+05:30 DEBUG 12572 --- [url-shortener-sb] [           main] o.s.b.f.s.DefaultListableBeanFactory     : Creating shared instance of singleton bean 'org.springframework.boot.autoconfigure.jackson.JacksonAutoConfiguration$JacksonObjectMapperConfiguration'
2025-03-25T20:32:51.985+05:30 DEBUG 12572 --- [url-shortener-sb] [           main] o.s.b.f.s.DefaultListableBeanFactory     : Creating shared instance of singleton bean 'org.springframework.boot.autoconfigure.jackson.JacksonAutoConfiguration$JacksonObjectMapperBuilderConfiguration'
2025-03-25T20:32:51.987+05:30 DEBUG 12572 --- [url-shortener-sb] [           main] o.s.b.f.s.DefaultListableBeanFactory     : Creating shared instance of singleton bean 'standardJacksonObjectMapperBuilderCustomizer'
2025-03-25T20:32:51.987+05:30 DEBUG 12572 --- [url-shortener-sb] [           main] o.s.b.f.s.DefaultListableBeanFactory     : Creating shared instance of singleton bean 'org.springframework.boot.autoconfigure.jackson.JacksonAutoConfiguration$Jackson2ObjectMapperBuilderCustomizerConfiguration'
2025-03-25T20:32:51.988+05:30 DEBUG 12572 --- [url-shortener-sb] [           main] o.s.b.f.s.DefaultListableBeanFactory     : Creating shared instance of singleton bean 'spring.jackson-org.springframework.boot.autoconfigure.jackson.JacksonProperties'
2025-03-25T20:32:51.995+05:30 DEBUG 12572 --- [url-shortener-sb] [           main] o.s.b.f.s.DefaultListableBeanFactory     : Autowiring by type from bean name 'standardJacksonObjectMapperBuilderCustomizer' via factory method to bean named 'spring.jackson-org.springframework.boot.autoconfigure.jackson.JacksonProperties'
2025-03-25T20:32:51.997+05:30 DEBUG 12572 --- [url-shortener-sb] [           main] o.s.b.f.s.DefaultListableBeanFactory     : Creating shared instance of singleton bean 'parameterNamesModule'
2025-03-25T20:32:51.997+05:30 DEBUG 12572 --- [url-shortener-sb] [           main] o.s.b.f.s.DefaultListableBeanFactory     : Creating shared instance of singleton bean 'org.springframework.boot.autoconfigure.jackson.JacksonAutoConfiguration$ParameterNamesModuleConfiguration'
2025-03-25T20:32:52.003+05:30 DEBUG 12572 --- [url-shortener-sb] [           main] o.s.b.f.s.DefaultListableBeanFactory     : Creating shared instance of singleton bean 'jsonMixinModule'
2025-03-25T20:32:52.003+05:30 DEBUG 12572 --- [url-shortener-sb] [           main] o.s.b.f.s.DefaultListableBeanFactory     : Creating shared instance of singleton bean 'org.springframework.boot.autoconfigure.jackson.JacksonAutoConfiguration$JacksonMixinConfiguration'
2025-03-25T20:32:52.005+05:30 DEBUG 12572 --- [url-shortener-sb] [           main] o.s.b.f.s.DefaultListableBeanFactory     : Creating shared instance of singleton bean 'jsonMixinModuleEntries'
2025-03-25T20:32:52.005+05:30 DEBUG 12572 --- [url-shortener-sb] [           main] o.s.b.f.s.DefaultListableBeanFactory     : Autowiring by type from bean name 'jsonMixinModuleEntries' via factory method to bean named 'org.springframework.web.context.support.GenericWebApplicationContext@214894fc'
2025-03-25T20:32:52.014+05:30 DEBUG 12572 --- [url-shortener-sb] [           main] o.s.b.f.s.DefaultListableBeanFactory     : Autowiring by type from bean name 'jsonMixinModule' via factory method to bean named 'org.springframework.web.context.support.GenericWebApplicationContext@214894fc'
2025-03-25T20:32:52.014+05:30 DEBUG 12572 --- [url-shortener-sb] [           main] o.s.b.f.s.DefaultListableBeanFactory     : Autowiring by type from bean name 'jsonMixinModule' via factory method to bean named 'jsonMixinModuleEntries'
2025-03-25T20:32:52.017+05:30 DEBUG 12572 --- [url-shortener-sb] [           main] o.s.b.f.s.DefaultListableBeanFactory     : Creating shared instance of singleton bean 'jsonComponentModule'
2025-03-25T20:32:52.017+05:30 DEBUG 12572 --- [url-shortener-sb] [           main] o.s.b.f.s.DefaultListableBeanFactory     : Creating shared instance of singleton bean 'org.springframework.boot.autoconfigure.jackson.JacksonAutoConfiguration'
2025-03-25T20:32:52.023+05:30 DEBUG 12572 --- [url-shortener-sb] [           main] o.s.b.f.s.DefaultListableBeanFactory     : Creating shared instance of singleton bean 'jacksonGeoModule'
2025-03-25T20:32:52.023+05:30 DEBUG 12572 --- [url-shortener-sb] [           main] o.s.b.f.s.DefaultListableBeanFactory     : Creating shared instance of singleton bean 'org.springframework.data.web.config.SpringDataJacksonConfiguration'
2025-03-25T20:32:52.025+05:30 DEBUG 12572 --- [url-shortener-sb] [           main] o.s.b.f.s.DefaultListableBeanFactory     : Creating shared instance of singleton bean 'springDataWebSettings'
2025-03-25T20:32:52.025+05:30 DEBUG 12572 --- [url-shortener-sb] [           main] o.s.b.f.s.DefaultListableBeanFactory     : Creating shared instance of singleton bean 'org.springframework.boot.autoconfigure.data.web.SpringDataWebAutoConfiguration'
2025-03-25T20:32:52.025+05:30 DEBUG 12572 --- [url-shortener-sb] [           main] o.s.b.f.s.DefaultListableBeanFactory     : Creating shared instance of singleton bean 'spring.data.web-org.springframework.boot.autoconfigure.data.web.SpringDataWebProperties'
2025-03-25T20:32:52.027+05:30 DEBUG 12572 --- [url-shortener-sb] [           main] o.s.b.f.s.DefaultListableBeanFactory     : Autowiring by type from bean name 'org.springframework.boot.autoconfigure.data.web.SpringDataWebAutoConfiguration' via constructor to bean named 'spring.data.web-org.springframework.boot.autoconfigure.data.web.SpringDataWebProperties'
2025-03-25T20:32:52.034+05:30 DEBUG 12572 --- [url-shortener-sb] [           main] o.s.b.f.s.DefaultListableBeanFactory     : Creating shared instance of singleton bean 'pageModule'
2025-03-25T20:32:52.039+05:30 DEBUG 12572 --- [url-shortener-sb] [           main] o.s.b.f.s.DefaultListableBeanFactory     : Autowiring by type from bean name 'jacksonObjectMapperBuilder' via factory method to bean named 'org.springframework.web.context.support.GenericWebApplicationContext@214894fc'
2025-03-25T20:32:52.039+05:30 DEBUG 12572 --- [url-shortener-sb] [           main] o.s.b.f.s.DefaultListableBeanFactory     : Autowiring by type from bean name 'jacksonObjectMapperBuilder' via factory method to bean named 'standardJacksonObjectMapperBuilderCustomizer'
2025-03-25T20:32:52.046+05:30 DEBUG 12572 --- [url-shortener-sb] [           main] o.s.b.f.s.DefaultListableBeanFactory     : Autowiring by type from bean name 'jacksonObjectMapper' via factory method to bean named 'jacksonObjectMapperBuilder'
2025-03-25T20:32:52.069+05:30 DEBUG 12572 --- [url-shortener-sb] [           main] o.s.b.f.s.DefaultListableBeanFactory     : Autowiring by type from bean name 'mappingJackson2HttpMessageConverter' via factory method to bean named 'jacksonObjectMapper'
2025-03-25T20:32:52.131+05:30 TRACE 12572 --- [url-shortener-sb] [           main] o.s.w.s.f.support.RouterFunctionMapping  : 0 RouterFunction(s) in 'routerFunctionMapping'
2025-03-25T20:32:52.133+05:30 DEBUG 12572 --- [url-shortener-sb] [           main] o.s.b.f.s.DefaultListableBeanFactory     : Creating shared instance of singleton bean 'resourceHandlerMapping'
2025-03-25T20:32:52.134+05:30 DEBUG 12572 --- [url-shortener-sb] [           main] o.s.b.f.s.DefaultListableBeanFactory     : Autowiring by type from bean name 'resourceHandlerMapping' via factory method to bean named 'mvcContentNegotiationManager'
2025-03-25T20:32:52.135+05:30 DEBUG 12572 --- [url-shortener-sb] [           main] o.s.b.f.s.DefaultListableBeanFactory     : Autowiring by type from bean name 'resourceHandlerMapping' via factory method to bean named 'mvcConversionService'
2025-03-25T20:32:52.135+05:30 DEBUG 12572 --- [url-shortener-sb] [           main] o.s.b.f.s.DefaultListableBeanFactory     : Autowiring by type from bean name 'resourceHandlerMapping' via factory method to bean named 'mvcResourceUrlProvider'
2025-03-25T20:32:52.158+05:30 TRACE 12572 --- [url-shortener-sb] [           main] o.s.w.s.handler.SimpleUrlHandlerMapping  : Mapped [/webjars/**] onto ResourceHttpRequestHandler [classpath [META-INF/resources/webjars/]]
2025-03-25T20:32:52.158+05:30 TRACE 12572 --- [url-shortener-sb] [           main] o.s.w.s.handler.SimpleUrlHandlerMapping  : Mapped [/**] onto ResourceHttpRequestHandler [classpath [META-INF/resources/], classpath [resources/], classpath [static/], classpath [public/], ServletContext [/]]
2025-03-25T20:32:52.159+05:30 DEBUG 12572 --- [url-shortener-sb] [           main] o.s.w.s.handler.SimpleUrlHandlerMapping  : Patterns [/webjars/**, /**] in 'resourceHandlerMapping'
2025-03-25T20:32:52.161+05:30 DEBUG 12572 --- [url-shortener-sb] [           main] o.s.b.f.s.DefaultListableBeanFactory     : Creating shared instance of singleton bean 'defaultServletHandlerMapping'
2025-03-25T20:32:52.170+05:30 DEBUG 12572 --- [url-shortener-sb] [           main] o.s.b.f.s.DefaultListableBeanFactory     : Creating shared instance of singleton bean 'securityFilterChain'
2025-03-25T20:32:52.171+05:30 DEBUG 12572 --- [url-shortener-sb] [           main] o.s.b.f.s.DefaultListableBeanFactory     : Autowiring by type from bean name 'securityFilterChain' via factory method to bean named 'org.springframework.security.config.annotation.web.configuration.HttpSecurityConfiguration.httpSecurity'
2025-03-25T20:32:52.173+05:30 DEBUG 12572 --- [url-shortener-sb] [           main] o.s.b.f.s.DefaultListableBeanFactory     : Creating shared instance of singleton bean 'corsConfigurationSource'
2025-03-25T20:32:52.184+05:30 DEBUG 12572 --- [url-shortener-sb] [           main] o.s.b.f.s.DefaultListableBeanFactory     : Creating shared instance of singleton bean 'webAuthorizationManagerPostProcessor'
2025-03-25T20:32:52.207+05:30 DEBUG 12572 --- [url-shortener-sb] [           main] o.s.b.f.s.DefaultListableBeanFactory     : Creating shared instance of singleton bean 'authenticationManagerPostProcessor'
2025-03-25T20:32:52.232+05:30 DEBUG 12572 --- [url-shortener-sb] [           main] o.s.s.web.DefaultSecurityFilterChain     : Will secure any request with filters: DisableEncodeUrlFilter, WebAsyncManagerIntegrationFilter, SecurityContextHolderFilter, HeaderWriterFilter, CorsFilter, LogoutFilter, JwtAuthenticationFilter, RequestCacheAwareFilter, SecurityContextHolderAwareRequestFilter, AnonymousAuthenticationFilter, SessionManagementFilter, ExceptionTranslationFilter, AuthorizationFilter
2025-03-25T20:32:52.235+05:30 DEBUG 12572 --- [url-shortener-sb] [           main] o.s.b.f.s.DefaultListableBeanFactory     : Creating shared instance of singleton bean 'delegatingApplicationListener'
2025-03-25T20:32:52.236+05:30 DEBUG 12572 --- [url-shortener-sb] [           main] o.s.b.f.s.DefaultListableBeanFactory     : Creating shared instance of singleton bean 'springSecurityFilterChain'
2025-03-25T20:32:52.249+05:30 DEBUG 12572 --- [url-shortener-sb] [           main] o.s.b.f.s.DefaultListableBeanFactory     : Creating shared instance of singleton bean 'webSecurityExpressionHandler'
2025-03-25T20:32:52.250+05:30 DEBUG 12572 --- [url-shortener-sb] [           main] o.s.b.f.s.DefaultListableBeanFactory     : Creating shared instance of singleton bean 'privilegeEvaluator'
2025-03-25T20:32:52.251+05:30 DEBUG 12572 --- [url-shortener-sb] [           main] o.s.b.f.s.DefaultListableBeanFactory     : Creating shared instance of singleton bean 'requestDataValueProcessor'
2025-03-25T20:32:52.252+05:30 DEBUG 12572 --- [url-shortener-sb] [           main] o.s.b.f.s.DefaultListableBeanFactory     : Creating shared instance of singleton bean 'org.springframework.security.config.annotation.web.configuration.ObservationConfiguration'
2025-03-25T20:32:52.253+05:30 DEBUG 12572 --- [url-shortener-sb] [           main] o.s.b.f.s.DefaultListableBeanFactory     : Creating shared instance of singleton bean 'corsFilter'
2025-03-25T20:32:52.254+05:30 DEBUG 12572 --- [url-shortener-sb] [           main] o.s.b.f.s.DefaultListableBeanFactory     : Creating shared instance of singleton bean 'org.springframework.boot.autoconfigure.context.PropertyPlaceholderAutoConfiguration'
2025-03-25T20:32:52.255+05:30 DEBUG 12572 --- [url-shortener-sb] [           main] o.s.b.f.s.DefaultListableBeanFactory     : Creating shared instance of singleton bean 'org.springframework.boot.autoconfigure.ssl.SslAutoConfiguration'
[...]

   RepositoryRestMvcAutoConfiguration:
      Did not match:
         - @ConditionalOnClass did not find required class 'org.springframework.data.rest.webmvc.config.RepositoryRestMvcConfiguration' (OnClassCondition)

   Saml2RelyingPartyAutoConfiguration:
      Did not match:
         - @ConditionalOnClass did not find required class 'org.springframework.security.saml2.provider.service.registration.RelyingPartyRegistrationRepository' (OnClassCondition)

   SecurityDataConfiguration:
      Did not match:
         - @ConditionalOnClass did not find required class 'org.springframework.security.data.repository.query.SecurityEvaluationContextExtension' (OnClassCondition)

   SendGridAutoConfiguration:
      Did not match:
         - @ConditionalOnClass did not find required class 'com.sendgrid.SendGrid' (OnClassCondition)

   ServletWebServerFactoryAutoConfiguration.ForwardedHeaderFilterConfiguration:
      Did not match:
         - @ConditionalOnProperty (server.forward-headers-strategy=framework) did not find property 'server.forward-headers-strategy' (OnPropertyCondition)

   ServletWebServerFactoryConfiguration.EmbeddedJetty:
      Did not match:
         - @ConditionalOnClass did not find required classes 'org.eclipse.jetty.server.Server', 'org.eclipse.jetty.util.Loader', 'org.eclipse.jetty.ee10.webapp.WebAppContext' (OnClassCondition)

   ServletWebServerFactoryConfiguration.EmbeddedUndertow:
      Did not match:
         - @ConditionalOnClass did not find required classes 'io.undertow.Undertow', 'org.xnio.SslClientAuthMode' (OnClassCondition)

   SessionAutoConfiguration:
      Did not match:
         - @ConditionalOnClass did not find required class 'org.springframework.session.Session' (OnClassCondition)

   SpringApplicationAdminJmxAutoConfiguration:
      Did not match:
         - @ConditionalOnProperty (spring.application.admin.enabled=true) did not find property 'enabled' (OnPropertyCondition)

   SpringBootWebSecurityConfiguration.SecurityFilterChainConfiguration:
      Did not match:
         - AllNestedConditions 1 matched 1 did not; NestedCondition on DefaultWebSecurityCondition.Beans @ConditionalOnMissingBean (types: org.springframework.security.web.SecurityFilterChain; SearchStrategy: all) found beans of type 'org.springframework.security.web.SecurityFilterChain' securityFilterChain; NestedCondition on DefaultWebSecurityCondition.Classes @ConditionalOnClass found required classes 'org.springframework.security.web.SecurityFilterChain', 'org.springframework.security.config.annotation.web.builders.HttpSecurity' (DefaultWebSecurityCondition)

   SpringBootWebSecurityConfiguration.WebSecurityEnablerConfiguration:
      Did not match:
         - @ConditionalOnMissingBean (names: springSecurityFilterChain; SearchStrategy: all) found beans named springSecurityFilterChain (OnBeanCondition)
      Matched:
         - @ConditionalOnClass found required class 'org.springframework.security.config.annotation.web.configuration.EnableWebSecurity' (OnClassCondition)

   TaskExecutorConfigurations.SimpleAsyncTaskExecutorBuilderConfiguration#simpleAsyncTaskExecutorBuilderVirtualThreads:
      Did not match:
         - @ConditionalOnMissingBean (types: org.springframework.boot.task.SimpleAsyncTaskExecutorBuilder; SearchStrategy: all) found beans of type 'org.springframework.boot.task.SimpleAsyncTaskExecutorBuilder' simpleAsyncTaskExecutorBuilder (OnBeanCondition)

   TaskExecutorConfigurations.TaskExecutorConfiguration#applicationTaskExecutorVirtualThreads:
      Did not match:
         - @ConditionalOnThreading did not find VIRTUAL (OnThreadingCondition)

   TaskSchedulingConfigurations.SimpleAsyncTaskSchedulerBuilderConfiguration#simpleAsyncTaskSchedulerBuilderVirtualThreads:
      Did not match:
         - @ConditionalOnMissingBean (types: org.springframework.boot.task.SimpleAsyncTaskSchedulerBuilder; SearchStrategy: all) found beans of type 'org.springframework.boot.task.SimpleAsyncTaskSchedulerBuilder' simpleAsyncTaskSchedulerBuilder (OnBeanCondition)

   TaskSchedulingConfigurations.TaskSchedulerConfiguration#taskSchedulerVirtualThreads:
      Did not match:
         - @ConditionalOnThreading did not find VIRTUAL (OnThreadingCondition)

   ThymeleafAutoConfiguration:
      Did not match:
         - @ConditionalOnClass did not find required class 'org.thymeleaf.spring6.SpringTemplateEngine' (OnClassCondition)

   TransactionAutoConfiguration#transactionalOperator:
      Did not match:
         - @ConditionalOnSingleCandidate (types: org.springframework.transaction.ReactiveTransactionManager; SearchStrategy: all) did not find any beans (OnBeanCondition)

   TransactionAutoConfiguration.AspectJTransactionManagementConfiguration:
      Did not match:
         - @ConditionalOnBean (types: org.springframework.transaction.aspectj.AbstractTransactionAspect; SearchStrategy: all) did not find any beans of type org.springframework.transaction.aspectj.AbstractTransactionAspect (OnBeanCondition)

   TransactionAutoConfiguration.EnableTransactionManagementConfiguration:
      Did not match:
         - @ConditionalOnMissingBean (types: org.springframework.transaction.annotation.AbstractTransactionManagementConfiguration; SearchStrategy: all) found beans of type 'org.springframework.transaction.annotation.AbstractTransactionManagementConfiguration' org.springframework.transaction.annotation.ProxyTransactionManagementConfiguration (OnBeanCondition)

   TransactionAutoConfiguration.EnableTransactionManagementConfiguration.CglibAutoProxyConfiguration:
      Did not match:
         - Ancestor org.springframework.boot.autoconfigure.transaction.TransactionAutoConfiguration$EnableTransactionManagementConfiguration did not match (ConditionEvaluationReport.AncestorsMatchedCondition)
      Matched:
         - @ConditionalOnProperty (spring.aop.proxy-target-class=true) matched (OnPropertyCondition)

   TransactionAutoConfiguration.EnableTransactionManagementConfiguration.JdkDynamicAutoProxyConfiguration:
      Did not match:
         - @ConditionalOnProperty (spring.aop.proxy-target-class=false) did not find property 'proxy-target-class' (OnPropertyCondition)
         - Ancestor org.springframework.boot.autoconfigure.transaction.TransactionAutoConfiguration$EnableTransactionManagementConfiguration did not match (ConditionEvaluationReport.AncestorsMatchedCondition)

   UserDetailsServiceAutoConfiguration:
      Did not match:
         - @ConditionalOnMissingBean (types: org.springframework.security.authentication.AuthenticationManager,org.springframework.security.authentication.AuthenticationProvider,org.springframework.security.core.userdetails.UserDetailsService,org.springframework.security.authentication.AuthenticationManagerResolver,org.springframework.security.oauth2.jwt.JwtDecoder; SearchStrategy: all) found beans of type 'org.springframework.security.authentication.AuthenticationManager' authenticationManager and found beans of type 'org.springframework.security.core.userdetails.UserDetailsService' userDetailsServiceImpl (OnBeanCondition)
      Matched:
         - @ConditionalOnClass found required class 'org.springframework.security.authentication.AuthenticationManager' (OnClassCondition)
         - found 'session' scope (OnWebApplicationCondition)
         - AnyNestedCondition 1 matched 2 did not; NestedCondition on UserDetailsServiceAutoConfiguration.MissingAlternativeOrUserPropertiesConfigured.PasswordConfigured @ConditionalOnProperty (spring.security.user.password) did not find property 'password'; NestedCondition on UserDetailsServiceAutoConfiguration.MissingAlternativeOrUserPropertiesConfigured.NameConfigured @ConditionalOnProperty (spring.security.user.name) did not find property 'name'; NestedCondition on UserDetailsServiceAutoConfiguration.MissingAlternativeOrUserPropertiesConfigured.MissingAlternative @ConditionalOnMissingClass did not find unwanted classes 'org.springframework.security.oauth2.client.registration.ClientRegistrationRepository', 'org.springframework.security.oauth2.server.resource.introspection.OpaqueTokenIntrospector', 'org.springframework.security.saml2.provider.service.registration.RelyingPartyRegistrationRepository' (UserDetailsServiceAutoConfiguration.MissingAlternativeOrUserPropertiesConfigured)

   ValidationAutoConfiguration:
      Did not match:
         - @ConditionalOnClass did not find required class 'jakarta.validation.executable.ExecutableValidator' (OnClassCondition)

   WebClientAutoConfiguration:
      Did not match:
         - @ConditionalOnClass did not find required class 'org.springframework.web.reactive.function.client.WebClient' (OnClassCondition)

   WebFluxAutoConfiguration:
      Did not match:
         - @ConditionalOnClass did not find required class 'org.springframework.web.reactive.config.WebFluxConfigurer' (OnClassCondition)

   WebMvcAutoConfiguration#hiddenHttpMethodFilter:
      Did not match:
         - @ConditionalOnProperty (spring.mvc.hiddenmethod.filter.enabled) did not find property 'enabled' (OnPropertyCondition)

   WebMvcAutoConfiguration.ProblemDetailsErrorHandlingConfiguration:
      Did not match:
         - @ConditionalOnProperty (spring.mvc.problemdetails.enabled=true) did not find property 'enabled' (OnPropertyCondition)

   WebMvcAutoConfiguration.ResourceChainCustomizerConfiguration:
      Did not match:
         - @ConditionalOnEnabledResourceChain did not find class org.webjars.WebJarVersionLocator (OnEnabledResourceChainCondition)

   WebMvcAutoConfiguration.WebMvcAutoConfigurationAdapter#beanNameViewResolver:
      Did not match:
         - @ConditionalOnMissingBean (types: org.springframework.web.servlet.view.BeanNameViewResolver; SearchStrategy: all) found beans of type 'org.springframework.web.servlet.view.BeanNameViewResolver' beanNameViewResolver (OnBeanCondition)

   WebServiceTemplateAutoConfiguration:
      Did not match:
         - @ConditionalOnClass did not find required class 'org.springframework.oxm.Marshaller' (OnClassCondition)

   WebServicesAutoConfiguration:
      Did not match:
         - @ConditionalOnClass did not find required class 'org.springframework.ws.transport.http.MessageDispatcherServlet' (OnClassCondition)

   WebSessionIdResolverAutoConfiguration:
      Did not match:
         - @ConditionalOnClass did not find required class 'reactor.core.publisher.Mono' (OnClassCondition)

   WebSocketMessagingAutoConfiguration:
      Did not match:
         - @ConditionalOnClass did not find required class 'org.springframework.web.socket.config.annotation.WebSocketMessageBrokerConfigurer' (OnClassCondition)

   WebSocketReactiveAutoConfiguration:
      Did not match:
         - @ConditionalOnWebApplication did not find reactive web application classes (OnWebApplicationCondition)

   WebSocketServletAutoConfiguration.JettyWebSocketConfiguration:
      Did not match:
         - @ConditionalOnClass did not find required class 'org.eclipse.jetty.ee10.websocket.jakarta.server.config.JakartaWebSocketServletContainerInitializer' (OnClassCondition)

   WebSocketServletAutoConfiguration.UndertowWebSocketConfiguration:
      Did not match:
         - @ConditionalOnClass did not find required class 'io.undertow.websockets.jsr.Bootstrap' (OnClassCondition)

   XADataSourceAutoConfiguration:
      Did not match:
         - @ConditionalOnBean (types: org.springframework.boot.jdbc.XADataSourceWrapper; SearchStrategy: all) did not find any beans of type org.springframework.boot.jdbc.XADataSourceWrapper (OnBeanCondition)
      Matched:
         - @ConditionalOnClass found required classes 'javax.sql.DataSource', 'jakarta.transaction.TransactionManager', 'org.springframework.jdbc.datasource.embedded.EmbeddedDatabaseType' (OnClassCondition)


Exclusions:
-----------

    None


Unconditional classes:
----------------------

    org.springframework.boot.autoconfigure.context.ConfigurationPropertiesAutoConfiguration

    org.springframework.boot.autoconfigure.ssl.SslAutoConfiguration

    org.springframework.boot.autoconfigure.context.LifecycleAutoConfiguration

    org.springframework.boot.autoconfigure.context.PropertyPlaceholderAutoConfiguration

    org.springframework.boot.autoconfigure.availability.ApplicationAvailabilityAutoConfiguration

    org.springframework.boot.autoconfigure.info.ProjectInfoAutoConfiguration



2025-03-25T20:32:52.729+05:30  INFO 12572 --- [url-shortener-sb] [           main] c.u.u.UrlShortenerSbApplicationTests     : Started UrlShortenerSbApplicationTests in 12.47 seconds (process running for 13.684)
2025-03-25T20:32:52.731+05:30 DEBUG 12572 --- [url-shortener-sb] [           main] o.s.b.a.ApplicationAvailabilityBean      : Application availability state LivenessState changed to CORRECT
2025-03-25T20:32:52.736+05:30 DEBUG 12572 --- [url-shortener-sb] [           main] o.s.b.a.ApplicationAvailabilityBean      : Application availability state ReadinessState changed to ACCEPTING_TRAFFIC
2025-03-25T20:32:52.739+05:30 DEBUG 12572 --- [url-shortener-sb] [           main] org.springframework.test.context.cache   : Spring test ApplicationContext cache statistics: [DefaultContextCache@33f059ad size = 1, maxSize = 32, parentContextCount = 0, hitCount = 0, missCount = 1, failureCount = 0]
2025-03-25T20:32:52.740+05:30 DEBUG 12572 --- [url-shortener-sb] [           main] o.s.t.c.w.ServletTestExecutionListener   : Setting up MockHttpServletRequest, MockHttpServletResponse, ServletWebRequest, and RequestContextHolder for test class com.url.url_shortener_sb.UrlShortenerSbApplicationTests
2025-03-25T20:32:52.757+05:30 DEBUG 12572 --- [url-shortener-sb] [           main] DependencyInjectionTestExecutionListener : Performing dependency injection for test class com.url.url_shortener_sb.UrlShortenerSbApplicationTests
2025-03-25T20:32:52.757+05:30 DEBUG 12572 --- [url-shortener-sb] [           main] org.springframework.test.context.cache   : Spring test ApplicationContext cache statistics: [DefaultContextCache@33f059ad size = 1, maxSize = 32, parentContextCount = 0, hitCount = 1, missCount = 1, failureCount = 0]
2025-03-25T20:32:52.759+05:30 DEBUG 12572 --- [url-shortener-sb] [           main] org.springframework.test.context.cache   : Spring test ApplicationContext cache statistics: [DefaultContextCache@33f059ad size = 1, maxSize = 32, parentContextCount = 0, hitCount = 2, missCount = 1, failureCount = 0]
2025-03-25T20:32:52.766+05:30 DEBUG 12572 --- [url-shortener-sb] [           main] sContextBeforeModesTestExecutionListener : Before test method: class [UrlShortenerSbApplicationTests], method [contextLoads], class annotated with @DirtiesContext [false] with mode [null], method annotated with @DirtiesContext [false] with mode [null]
2025-03-25T20:32:52.768+05:30 DEBUG 12572 --- [url-shortener-sb] [           main] org.springframework.test.context.cache   : Spring test ApplicationContext cache statistics: [DefaultContextCache@33f059ad size = 1, maxSize = 32, parentContextCount = 0, hitCount = 3, missCount = 1, failureCount = 0]
2025-03-25T20:32:52.770+05:30 DEBUG 12572 --- [url-shortener-sb] [           main] org.springframework.test.context.cache   : Spring test ApplicationContext cache statistics: [DefaultContextCache@33f059ad size = 1, maxSize = 32, parentContextCount = 0, hitCount = 4, missCount = 1, failureCount = 0]
2025-03-25T20:32:53.451+05:30 DEBUG 12572 --- [url-shortener-sb] [           main] org.springframework.test.context.cache   : Spring test ApplicationContext cache statistics: [DefaultContextCache@33f059ad size = 1, maxSize = 32, parentContextCount = 0, hitCount = 5, missCount = 1, failureCount = 0]
2025-03-25T20:32:53.455+05:30 DEBUG 12572 --- [url-shortener-sb] [           main] org.springframework.test.context.cache   : Spring test ApplicationContext cache statistics: [DefaultContextCache@33f059ad size = 1, maxSize = 32, parentContextCount = 0, hitCount = 6, missCount = 1, failureCount = 0]
2025-03-25T20:32:53.461+05:30 DEBUG 12572 --- [url-shortener-sb] [           main] org.springframework.test.context.cache   : Spring test ApplicationContext cache statistics: [DefaultContextCache@33f059ad size = 1, maxSize = 32, parentContextCount = 0, hitCount = 7, missCount = 1, failureCount = 0]
2025-03-25T20:32:53.462+05:30 DEBUG 12572 --- [url-shortener-sb] [           main] org.springframework.test.context.cache   : Spring test ApplicationContext cache statistics: [DefaultContextCache@33f059ad size = 1, maxSize = 32, parentContextCount = 0, hitCount = 8, missCount = 1, failureCount = 0]
2025-03-25T20:32:53.463+05:30 DEBUG 12572 --- [url-shortener-sb] [           main] org.springframework.test.context.cache   : Spring test ApplicationContext cache statistics: [DefaultContextCache@33f059ad size = 1, maxSize = 32, parentContextCount = 0, hitCount = 9, missCount = 1, failureCount = 0]
2025-03-25T20:32:53.463+05:30 DEBUG 12572 --- [url-shortener-sb] [           main] org.springframework.test.context.cache   : Spring test ApplicationContext cache statistics: [DefaultContextCache@33f059ad size = 1, maxSize = 32, parentContextCount = 0, hitCount = 10, missCount = 1, failureCount = 0]
2025-03-25T20:32:53.464+05:30 DEBUG 12572 --- [url-shortener-sb] [           main] org.springframework.test.context.cache   : Spring test ApplicationContext cache statistics: [DefaultContextCache@33f059ad size = 1, maxSize = 32, parentContextCount = 0, hitCount = 11, missCount = 1, failureCount = 0]
2025-03-25T20:32:53.466+05:30 DEBUG 12572 --- [url-shortener-sb] [           main] org.springframework.test.context.cache   : Spring test ApplicationContext cache statistics: [DefaultContextCache@33f059ad size = 1, maxSize = 32, parentContextCount = 0, hitCount = 12, missCount = 1, failureCount = 0]
2025-03-25T20:32:53.467+05:30 DEBUG 12572 --- [url-shortener-sb] [           main] org.springframework.test.context.cache   : Spring test ApplicationContext cache statistics: [DefaultContextCache@33f059ad size = 1, maxSize = 32, parentContextCount = 0, hitCount = 13, missCount = 1, failureCount = 0]
2025-03-25T20:32:53.468+05:30 DEBUG 12572 --- [url-shortener-sb] [           main] org.springframework.test.context.cache   : Spring test ApplicationContext cache statistics: [DefaultContextCache@33f059ad size = 1, maxSize = 32, parentContextCount = 0, hitCount = 14, missCount = 1, failureCount = 0]
2025-03-25T20:32:53.468+05:30 DEBUG 12572 --- [url-shortener-sb] [           main] .c.s.DirtiesContextTestExecutionListener : After test method: class [UrlShortenerSbApplicationTests], method [contextLoads], class annotated with @DirtiesContext [false] with mode [null], method annotated with @DirtiesContext [false] with mode [null]
2025-03-25T20:32:53.469+05:30 DEBUG 12572 --- [url-shortener-sb] [           main] o.s.t.c.w.ServletTestExecutionListener   : Resetting RequestContextHolder for test class com.url.url_shortener_sb.UrlShortenerSbApplicationTests
]]></system-out>
    <system-err><![CDATA[Mockito is currently self-attaching to enable the inline-mock-maker. This will no longer work in future releases of the JDK. Please add Mockito as an agent to your build what is described in Mockito's documentation: https://javadoc.io/doc/org.mockito/mockito-core/latest/org/mockito/Mockito.html#0.3
WARNING: A Java agent has been loaded dynamically (C:\Users\Lakshya\.m2\repository\net\bytebuddy\byte-buddy-agent\1.15.11\byte-buddy-agent-1.15.11.jar)
WARNING: If a serviceability tool is in use, please run with -XX:+EnableDynamicAgentLoading to hide this warning
WARNING: If a serviceability tool is not in use, please run with -Djdk.instrument.traceUsage for more information
WARNING: Dynamic loading of agents will be disallowed by default in a future release
]]></system-err>
  </testcase>
</testsuite>